# project  configured on Fri Apr 14 09:46:33 2023 by
# waf 2.0.22 (abi 20, python 30805f0 on linux)
# using ./waf configure --install_all_deps
#
----------------------------------------
Setting top to
/home/weinin/Documents/Research/Will_solve_b/Cobaya_new_packages/packages/code/planck/code/plc_3.0/plc-3.1
----------------------------------------
Setting out to
/home/weinin/Documents/Research/Will_solve_b/Cobaya_new_packages/packages/code/planck/code/plc_3.0/plc-3.1/build
----------------------------------------
Checking for program 'gcc, cc'
/usr/bin/gcc
find program=['gcc', 'cc'] paths=['/home/weinin/Documents/Research/Will_solve_b/Cobaya_new_packages/packages/code/planck/code/plc_3.0/plc-3.1/bin', '/home/weinin/miniconda3/bin', '/home/weinin/miniconda3/condabin', '/home/weinin/miniconda3/lib/python3.8/site-packages', '/home/weinin/.local/bin', '/home/weinin/bin', '/usr/local/sbin', '/usr/local/bin', '/usr/sbin', '/usr/bin', '/sbin', '/bin', '/usr/games', '/usr/local/games', '/snap/bin'] var='CC' -> ['/usr/bin/gcc']
['/usr/bin/gcc', '-dM', '-E', '-']
out: #define __SSP_STRONG__ 3
#define __DBL_MIN_EXP__ (-1021)
#define __FLT32X_MAX_EXP__ 1024
#define __UINT_LEAST16_MAX__ 0xffff
#define __ATOMIC_ACQUIRE 2
#define __FLT128_MAX_10_EXP__ 4932
#define __FLT_MIN__ 1.17549435082228750796873653722224568e-38F
#define __GCC_IEC_559_COMPLEX 2
#define __UINT_LEAST8_TYPE__ unsigned char
#define __SIZEOF_FLOAT80__ 16
#define __INTMAX_C(c) c ## L
#define __CHAR_BIT__ 8
#define __UINT8_MAX__ 0xff
#define __WINT_MAX__ 0xffffffffU
#define __FLT32_MIN_EXP__ (-125)
#define __ORDER_LITTLE_ENDIAN__ 1234
#define __SIZE_MAX__ 0xffffffffffffffffUL
#define __WCHAR_MAX__ 0x7fffffff
#define __GCC_HAVE_SYNC_COMPARE_AND_SWAP_1 1
#define __GCC_HAVE_SYNC_COMPARE_AND_SWAP_2 1
#define __GCC_HAVE_SYNC_COMPARE_AND_SWAP_4 1
#define __DBL_DENORM_MIN__ ((double)4.94065645841246544176568792868221372e-324L)
#define __GCC_HAVE_SYNC_COMPARE_AND_SWAP_8 1
#define __GCC_ATOMIC_CHAR_LOCK_FREE 2
#define __GCC_IEC_559 2
#define __FLT32X_DECIMAL_DIG__ 17
#define __FLT_EVAL_METHOD__ 0
#define __unix__ 1
#define __FLT64_DECIMAL_DIG__ 17
#define __CET__ 3
#define __GCC_ATOMIC_CHAR32_T_LOCK_FREE 2
#define __x86_64 1
#define __UINT_FAST64_MAX__ 0xffffffffffffffffUL
#define __SIG_ATOMIC_TYPE__ int
#define __DBL_MIN_10_EXP__ (-307)
#define __FINITE_MATH_ONLY__ 0
#define __GNUC_PATCHLEVEL__ 0
#define __FLT32_HAS_DENORM__ 1
#define __UINT_FAST8_MAX__ 0xff
#define __has_include(STR) __has_include__(STR)
#define __DEC64_MAX_EXP__ 385
#define __INT8_C(c) c
#define __INT_LEAST8_WIDTH__ 8
#define __UINT_LEAST64_MAX__ 0xffffffffffffffffUL
#define __SHRT_MAX__ 0x7fff
#define __LDBL_MAX__ 1.18973149535723176502126385303097021e+4932L
#define __FLT64X_MAX_10_EXP__ 4932
#define __UINT_LEAST8_MAX__ 0xff
#define __GCC_ATOMIC_BOOL_LOCK_FREE 2
#define __FLT128_DENORM_MIN__ 6.47517511943802511092443895822764655e-4966F128
#define __UINTMAX_TYPE__ long unsigned int
#define __linux 1
#define __DEC32_EPSILON__ 1E-6DF
#define __FLT_EVAL_METHOD_TS_18661_3__ 0
#define __unix 1
#define __UINT32_MAX__ 0xffffffffU
#define __LDBL_MAX_EXP__ 16384
#define __FLT128_MIN_EXP__ (-16381)
#define __WINT_MIN__ 0U
#define __linux__ 1
#define __FLT128_MIN_10_EXP__ (-4931)
#define __INT_LEAST16_WIDTH__ 16
#define __SCHAR_MAX__ 0x7f
#define __FLT128_MANT_DIG__ 113
#define __WCHAR_MIN__ (-__WCHAR_MAX__ - 1)
#define __INT64_C(c) c ## L
#define __DBL_DIG__ 15
#define __GCC_ATOMIC_POINTER_LOCK_FREE 2
#define __FLT64X_MANT_DIG__ 64
#define __SIZEOF_INT__ 4
#define __SIZEOF_POINTER__ 8
#define __USER_LABEL_PREFIX__ 
#define __FLT64X_EPSILON__ 1.08420217248550443400745280086994171e-19F64x
#define __STDC_HOSTED__ 1
#define __LDBL_HAS_INFINITY__ 1
#define __FLT32_DIG__ 6
#define __FLT_EPSILON__ 1.19209289550781250000000000000000000e-7F
#define __SHRT_WIDTH__ 16
#define __LDBL_MIN__ 3.36210314311209350626267781732175260e-4932L
#define __STDC_UTF_16__ 1
#define __DEC32_MAX__ 9.999999E96DF
#define __FLT64X_DENORM_MIN__ 3.64519953188247460252840593361941982e-4951F64x
#define __FLT32X_HAS_INFINITY__ 1
#define __INT32_MAX__ 0x7fffffff
#define __INT_WIDTH__ 32
#define __SIZEOF_LONG__ 8
#define __STDC_IEC_559__ 1
#define __STDC_ISO_10646__ 201706L
#define __UINT16_C(c) c
#define __PTRDIFF_WIDTH__ 64
#define __DECIMAL_DIG__ 21
#define __FLT64_EPSILON__ 2.22044604925031308084726333618164062e-16F64
#define __gnu_linux__ 1
#define __INTMAX_WIDTH__ 64
#define __has_include_next(STR) __has_include_next__(STR)
#define __FLT64X_MIN_10_EXP__ (-4931)
#define __LDBL_HAS_QUIET_NAN__ 1
#define __FLT64_MANT_DIG__ 53
#define __GNUC__ 9
#define __pie__ 2
#define __MMX__ 1
#define __FLT_HAS_DENORM__ 1
#define __SIZEOF_LONG_DOUBLE__ 16
#define __BIGGEST_ALIGNMENT__ 16
#define __FLT64_MAX_10_EXP__ 308
#define __DBL_MAX__ ((double)1.79769313486231570814527423731704357e+308L)
#define __INT_FAST32_MAX__ 0x7fffffffffffffffL
#define __DBL_HAS_INFINITY__ 1
#define __HAVE_SPECULATION_SAFE_VALUE 1
#define __DEC32_MIN_EXP__ (-94)
#define __INTPTR_WIDTH__ 64
#define __FLT32X_HAS_DENORM__ 1
#define __INT_FAST16_TYPE__ long int
#define __LDBL_HAS_DENORM__ 1
#define __FLT128_HAS_INFINITY__ 1
#define __DEC128_MAX__ 9.999999999999999999999999999999999E6144DL
#define __INT_LEAST32_MAX__ 0x7fffffff
#define __DEC32_MIN__ 1E-95DF
#define __DBL_MAX_EXP__ 1024
#define __WCHAR_WIDTH__ 32
#define __FLT32_MAX__ 3.40282346638528859811704183484516925e+38F32
#define __DEC128_EPSILON__ 1E-33DL
#define __SSE2_MATH__ 1
#define __ATOMIC_HLE_RELEASE 131072
#define __PTRDIFF_MAX__ 0x7fffffffffffffffL
#define __amd64 1
#define __ATOMIC_HLE_ACQUIRE 65536
#define __FLT32_HAS_QUIET_NAN__ 1
#define __LONG_LONG_MAX__ 0x7fffffffffffffffLL
#define __SIZEOF_SIZE_T__ 8
#define __FLT64X_MIN_EXP__ (-16381)
#define __SIZEOF_WINT_T__ 4
#define __LONG_LONG_WIDTH__ 64
#define __FLT32_MAX_EXP__ 128
#define __GCC_HAVE_DWARF2_CFI_ASM 1
#define __GXX_ABI_VERSION 1013
#define __FLT_MIN_EXP__ (-125)
#define __FLT64X_HAS_QUIET_NAN__ 1
#define __INT_FAST64_TYPE__ long int
#define __FLT64_DENORM_MIN__ 4.94065645841246544176568792868221372e-324F64
#define __DBL_MIN__ ((double)2.22507385850720138309023271733240406e-308L)
#define __PIE__ 2
#define __LP64__ 1
#define __FLT32X_EPSILON__ 2.22044604925031308084726333618164062e-16F32x
#define __DECIMAL_BID_FORMAT__ 1
#define __FLT64_MIN_EXP__ (-1021)
#define __FLT64_MIN_10_EXP__ (-307)
#define __FLT64X_DECIMAL_DIG__ 21
#define __DEC128_MIN__ 1E-6143DL
#define __REGISTER_PREFIX__ 
#define __UINT16_MAX__ 0xffff
#define __DBL_HAS_DENORM__ 1
#define __FLT32_MIN__ 1.17549435082228750796873653722224568e-38F32
#define __UINT8_TYPE__ unsigned char
#define __NO_INLINE__ 1
#define __FLT_MANT_DIG__ 24
#define __LDBL_DECIMAL_DIG__ 21
#define __VERSION__ "9.4.0"
#define __UINT64_C(c) c ## UL
#define _STDC_PREDEF_H 1
#define __GCC_ATOMIC_INT_LOCK_FREE 2
#define __FLT128_MAX_EXP__ 16384
#define __FLT32_MANT_DIG__ 24
#define __FLOAT_WORD_ORDER__ __ORDER_LITTLE_ENDIAN__
#define __STDC_IEC_559_COMPLEX__ 1
#define __FLT128_HAS_DENORM__ 1
#define __FLT128_DIG__ 33
#define __SCHAR_WIDTH__ 8
#define __INT32_C(c) c
#define __DEC64_EPSILON__ 1E-15DD
#define __ORDER_PDP_ENDIAN__ 3412
#define __DEC128_MIN_EXP__ (-6142)
#define __FLT32_MAX_10_EXP__ 38
#define __INT_FAST32_TYPE__ long int
#define __UINT_LEAST16_TYPE__ short unsigned int
#define __FLT64X_HAS_INFINITY__ 1
#define unix 1
#define __INT16_MAX__ 0x7fff
#define __SIZE_TYPE__ long unsigned int
#define __UINT64_MAX__ 0xffffffffffffffffUL
#define __FLT64X_DIG__ 18
#define __INT8_TYPE__ signed char
#define __ELF__ 1
#define __GCC_ASM_FLAG_OUTPUTS__ 1
#define __FLT_RADIX__ 2
#define __INT_LEAST16_TYPE__ short int
#define __LDBL_EPSILON__ 1.08420217248550443400745280086994171e-19L
#define __UINTMAX_C(c) c ## UL
#define __SSE_MATH__ 1
#define __k8 1
#define __SIG_ATOMIC_MAX__ 0x7fffffff
#define __GCC_ATOMIC_WCHAR_T_LOCK_FREE 2
#define __SIZEOF_PTRDIFF_T__ 8
#define __FLT32X_MANT_DIG__ 53
#define __x86_64__ 1
#define __FLT32X_MIN_EXP__ (-1021)
#define __DEC32_SUBNORMAL_MIN__ 0.000001E-95DF
#define __INT_FAST16_MAX__ 0x7fffffffffffffffL
#define __FLT64_DIG__ 15
#define __UINT_FAST32_MAX__ 0xffffffffffffffffUL
#define __UINT_LEAST64_TYPE__ long unsigned int
#define __FLT_HAS_QUIET_NAN__ 1
#define __FLT_MAX_10_EXP__ 38
#define __LONG_MAX__ 0x7fffffffffffffffL
#define __FLT64X_HAS_DENORM__ 1
#define __DEC128_SUBNORMAL_MIN__ 0.000000000000000000000000000000001E-6143DL
#define __FLT_HAS_INFINITY__ 1
#define __UINT_FAST16_TYPE__ long unsigned int
#define __DEC64_MAX__ 9.999999999999999E384DD
#define __INT_FAST32_WIDTH__ 64
#define __CHAR16_TYPE__ short unsigned int
#define __PRAGMA_REDEFINE_EXTNAME 1
#define __SIZE_WIDTH__ 64
#define __SEG_FS 1
#define __INT_LEAST16_MAX__ 0x7fff
#define __DEC64_MANT_DIG__ 16
#define __INT64_MAX__ 0x7fffffffffffffffL
#define __UINT_LEAST32_MAX__ 0xffffffffU
#define __SEG_GS 1
#define __FLT32_DENORM_MIN__ 1.40129846432481707092372958328991613e-45F32
#define __GCC_ATOMIC_LONG_LOCK_FREE 2
#define __SIG_ATOMIC_WIDTH__ 32
#define __INT_LEAST64_TYPE__ long int
#define __INT16_TYPE__ short int
#define __INT_LEAST8_TYPE__ signed char
#define __STDC_VERSION__ 201710L
#define __DEC32_MAX_EXP__ 97
#define __INT_FAST8_MAX__ 0x7f
#define __FLT128_MAX__ 1.18973149535723176508575932662800702e+4932F128
#define __INTPTR_MAX__ 0x7fffffffffffffffL
#define linux 1
#define __FLT64_HAS_QUIET_NAN__ 1
#define __FLT32_MIN_10_EXP__ (-37)
#define __SSE2__ 1
#define __FLT32X_DIG__ 15
#define __LDBL_MANT_DIG__ 64
#define __DBL_HAS_QUIET_NAN__ 1
#define __FLT64_HAS_INFINITY__ 1
#define __FLT64X_MAX__ 1.18973149535723176502126385303097021e+4932F64x
#define __SIG_ATOMIC_MIN__ (-__SIG_ATOMIC_MAX__ - 1)
#define __code_model_small__ 1
#define __k8__ 1
#define __INTPTR_TYPE__ long int
#define __UINT16_TYPE__ short unsigned int
#define __WCHAR_TYPE__ int
#define __SIZEOF_FLOAT__ 4
#define __pic__ 2
#define __UINTPTR_MAX__ 0xffffffffffffffffUL
#define __INT_FAST64_WIDTH__ 64
#define __DEC64_MIN_EXP__ (-382)
#define __FLT32_DECIMAL_DIG__ 9
#define __INT_FAST64_MAX__ 0x7fffffffffffffffL
#define __GCC_ATOMIC_TEST_AND_SET_TRUEVAL 1
#define __FLT_DIG__ 6
#define __FLT32_HAS_INFINITY__ 1
#define __FLT64X_MAX_EXP__ 16384
#define __UINT_FAST64_TYPE__ long unsigned int
#define __INT_MAX__ 0x7fffffff
#define __amd64__ 1
#define __INT64_TYPE__ long int
#define __FLT_MAX_EXP__ 128
#define __ORDER_BIG_ENDIAN__ 4321
#define __DBL_MANT_DIG__ 53
#define __SIZEOF_FLOAT128__ 16
#define __INT_LEAST64_MAX__ 0x7fffffffffffffffL
#define __GCC_ATOMIC_CHAR16_T_LOCK_FREE 2
#define __DEC64_MIN__ 1E-383DD
#define __WINT_TYPE__ unsigned int
#define __UINT_LEAST32_TYPE__ unsigned int
#define __SIZEOF_SHORT__ 2
#define __SSE__ 1
#define __LDBL_MIN_EXP__ (-16381)
#define __FLT64_MAX__ 1.79769313486231570814527423731704357e+308F64
#define __WINT_WIDTH__ 32
#define __INT_LEAST8_MAX__ 0x7f
#define __FLT32X_MAX_10_EXP__ 308
#define __SIZEOF_INT128__ 16
#define __LDBL_MAX_10_EXP__ 4932
#define __ATOMIC_RELAXED 0
#define __DBL_EPSILON__ ((double)2.22044604925031308084726333618164062e-16L)
#define __FLT128_MIN__ 3.36210314311209350626267781732175260e-4932F128
#define _LP64 1
#define __UINT8_C(c) c
#define __FLT64_MAX_EXP__ 1024
#define __INT_LEAST32_TYPE__ int
#define __SIZEOF_WCHAR_T__ 4
#define __UINT64_TYPE__ long unsigned int
#define __FLT128_HAS_QUIET_NAN__ 1
#define __INT_FAST8_TYPE__ signed char
#define __FLT64X_MIN__ 3.36210314311209350626267781732175260e-4932F64x
#define __GNUC_STDC_INLINE__ 1
#define __FLT64_HAS_DENORM__ 1
#define __FLT32_EPSILON__ 1.19209289550781250000000000000000000e-7F32
#define __DBL_DECIMAL_DIG__ 17
#define __STDC_UTF_32__ 1
#define __INT_FAST8_WIDTH__ 8
#define __FXSR__ 1
#define __DEC_EVAL_METHOD__ 2
#define __FLT32X_MAX__ 1.79769313486231570814527423731704357e+308F32x
#define __UINT32_C(c) c ## U
#define __INTMAX_MAX__ 0x7fffffffffffffffL
#define __BYTE_ORDER__ __ORDER_LITTLE_ENDIAN__
#define __FLT_DENORM_MIN__ 1.40129846432481707092372958328991613e-45F
#define __INT8_MAX__ 0x7f
#define __LONG_WIDTH__ 64
#define __PIC__ 2
#define __UINT_FAST32_TYPE__ long unsigned int
#define __CHAR32_TYPE__ unsigned int
#define __FLT_MAX__ 3.40282346638528859811704183484516925e+38F
#define __INT32_TYPE__ int
#define __SIZEOF_DOUBLE__ 8
#define __FLT_MIN_10_EXP__ (-37)
#define __FLT64_MIN__ 2.22507385850720138309023271733240406e-308F64
#define __INT_LEAST32_WIDTH__ 32
#define __INTMAX_TYPE__ long int
#define __DEC128_MAX_EXP__ 6145
#define __FLT32X_HAS_QUIET_NAN__ 1
#define __ATOMIC_CONSUME 1
#define __GNUC_MINOR__ 4
#define __INT_FAST16_WIDTH__ 64
#define __UINTMAX_MAX__ 0xffffffffffffffffUL
#define __DEC32_MANT_DIG__ 7
#define __FLT32X_DENORM_MIN__ 4.94065645841246544176568792868221372e-324F32x
#define __DBL_MAX_10_EXP__ 308
#define __LDBL_DENORM_MIN__ 3.64519953188247460252840593361941982e-4951L
#define __INT16_C(c) c
#define __STDC__ 1
#define __PTRDIFF_TYPE__ long int
#define __ATOMIC_SEQ_CST 5
#define __UINT32_TYPE__ unsigned int
#define __FLT32X_MIN_10_EXP__ (-307)
#define __UINTPTR_TYPE__ long unsigned int
#define __DEC64_SUBNORMAL_MIN__ 0.000000000000001E-383DD
#define __DEC128_MANT_DIG__ 34
#define __LDBL_MIN_10_EXP__ (-4931)
#define __FLT128_EPSILON__ 1.92592994438723585305597794258492732e-34F128
#define __SIZEOF_LONG_LONG__ 8
#define __FLT128_DECIMAL_DIG__ 36
#define __GCC_ATOMIC_LLONG_LOCK_FREE 2
#define __FLT32X_MIN__ 2.22507385850720138309023271733240406e-308F32x
#define __LDBL_DIG__ 18
#define __FLT_DECIMAL_DIG__ 9
#define __UINT_FAST16_MAX__ 0xffffffffffffffffUL
#define __GCC_ATOMIC_SHORT_LOCK_FREE 2
#define __INT_LEAST64_WIDTH__ 64
#define __UINT_FAST8_TYPE__ unsigned char
#define __ATOMIC_ACQ_REL 4
#define __ATOMIC_RELEASE 3

----------------------------------------
Checking for program 'ar'
/usr/bin/ar
find program=['ar'] paths=['/home/weinin/Documents/Research/Will_solve_b/Cobaya_new_packages/packages/code/planck/code/plc_3.0/plc-3.1/bin', '/home/weinin/miniconda3/bin', '/home/weinin/miniconda3/condabin', '/home/weinin/miniconda3/lib/python3.8/site-packages', '/home/weinin/.local/bin', '/home/weinin/bin', '/usr/local/sbin', '/usr/local/bin', '/usr/sbin', '/usr/bin', '/sbin', '/bin', '/usr/games', '/usr/local/games', '/snap/bin'] var='AR' -> ['/usr/bin/ar']
----------------------------------------
Check gcc version
9.4.0
----------------------------------------
Compile a test code with gcc
==>
#include <stdio.h>
main() {fprintf(stderr,"hello world");}

<==
[1/2] Compiling [32mbuild/.conf_check_d886fed41010f5ad1c2918245cd08c32/test.c[0m

['/usr/bin/gcc', '../test.c', '-c', '-o/home/weinin/Documents/Research/Will_solve_b/Cobaya_new_packages/packages/code/planck/code/plc_3.0/plc-3.1/build/.conf_check_d886fed41010f5ad1c2918245cd08c32/testbuild/test.c.1.o']
err: ../test.c:2:1: warning: return type defaults to ‘int’ [-Wimplicit-int]
    2 | main() {fprintf(stderr,"hello world");}
      | ^~~~

[2/2] Linking [33mbuild/.conf_check_d886fed41010f5ad1c2918245cd08c32/testbuild/testprog[0m

['/usr/bin/gcc', 'test.c.1.o', '-o/home/weinin/Documents/Research/Will_solve_b/Cobaya_new_packages/packages/code/planck/code/plc_3.0/plc-3.1/build/.conf_check_d886fed41010f5ad1c2918245cd08c32/testbuild/testprog', '-Wl,-Bstatic', '-Wl,-Bdynamic']
yes
----------------------------------------
Setting architecture flag to
['-m64']
----------------------------------------
Checking for program 'ifort'
not found
find program=['ifort'] paths=['/home/weinin/Documents/Research/Will_solve_b/Cobaya_new_packages/packages/code/planck/code/plc_3.0/plc-3.1/bin', '/home/weinin/miniconda3/bin', '/home/weinin/miniconda3/condabin', '/home/weinin/miniconda3/lib/python3.8/site-packages', '/home/weinin/.local/bin', '/home/weinin/bin', '/usr/local/sbin', '/usr/local/bin', '/usr/sbin', '/usr/bin', '/sbin', '/bin', '/usr/games', '/usr/local/games', '/snap/bin'] var='FC' -> None
from /home/weinin/Documents/Research/Will_solve_b/Cobaya_new_packages/packages/code/planck/code/plc_3.0/plc-3.1: Could not find the program ['ifort']
----------------------------------------
Checking for program 'gfortran, g77'
/usr/bin/gfortran
find program=['gfortran', 'g77'] paths=['/home/weinin/Documents/Research/Will_solve_b/Cobaya_new_packages/packages/code/planck/code/plc_3.0/plc-3.1/bin', '/home/weinin/miniconda3/bin', '/home/weinin/miniconda3/condabin', '/home/weinin/miniconda3/lib/python3.8/site-packages', '/home/weinin/.local/bin', '/home/weinin/bin', '/usr/local/sbin', '/usr/local/bin', '/usr/sbin', '/usr/bin', '/sbin', '/bin', '/usr/games', '/usr/local/games', '/snap/bin'] var='FC' -> ['/usr/bin/gfortran']
['/usr/bin/gfortran', '--version']
out: GNU Fortran (Ubuntu 9.4.0-1ubuntu1~20.04.1) 9.4.0
Copyright (C) 2019 Free Software Foundation, Inc.
This is free software; see the source for copying conditions.  There is NO
warranty; not even for MERCHANTABILITY or FITNESS FOR A PARTICULAR PURPOSE.


['/usr/bin/gfortran', '-dM', '-E', '-']
out: #define __SSP_STRONG__ 3
#define __DBL_MIN_EXP__ (-1021)
#define __FLT32X_MAX_EXP__ 1024
#define __UINT_LEAST16_MAX__ 0xffff
#define __ATOMIC_ACQUIRE 2
#define __FLT128_MAX_10_EXP__ 4932
#define __FLT_MIN__ 1.17549435082228750796873653722224568e-38F
#define __GCC_IEC_559_COMPLEX 2
#define __UINT_LEAST8_TYPE__ unsigned char
#define __SIZEOF_FLOAT80__ 16
#define __INTMAX_C(c) c ## L
#define __CHAR_BIT__ 8
#define __UINT8_MAX__ 0xff
#define __WINT_MAX__ 0xffffffffU
#define __FLT32_MIN_EXP__ (-125)
#define __ORDER_LITTLE_ENDIAN__ 1234
#define __SIZE_MAX__ 0xffffffffffffffffUL
#define __WCHAR_MAX__ 0x7fffffff
#define __GCC_HAVE_SYNC_COMPARE_AND_SWAP_1 1
#define __GCC_HAVE_SYNC_COMPARE_AND_SWAP_2 1
#define __GCC_HAVE_SYNC_COMPARE_AND_SWAP_4 1
#define __DBL_DENORM_MIN__ ((double)4.94065645841246544176568792868221372e-324L)
#define __GCC_HAVE_SYNC_COMPARE_AND_SWAP_8 1
#define __GCC_ATOMIC_CHAR_LOCK_FREE 2
#define __GCC_IEC_559 2
#define __FLT32X_DECIMAL_DIG__ 17
#define __FLT_EVAL_METHOD__ 0
#define __unix__ 1
#define __FLT64_DECIMAL_DIG__ 17
#define __CET__ 3
#define __GCC_ATOMIC_CHAR32_T_LOCK_FREE 2
#define __x86_64 1
#define __UINT_FAST64_MAX__ 0xffffffffffffffffUL
#define __SIG_ATOMIC_TYPE__ int
#define __DBL_MIN_10_EXP__ (-307)
#define __FINITE_MATH_ONLY__ 0
#define __GNUC_PATCHLEVEL__ 0
#define __FLT32_HAS_DENORM__ 1
#define __UINT_FAST8_MAX__ 0xff
#define __has_include(STR) __has_include__(STR)
#define __DEC64_MAX_EXP__ 385
#define __INT8_C(c) c
#define __INT_LEAST8_WIDTH__ 8
#define __UINT_LEAST64_MAX__ 0xffffffffffffffffUL
#define __SHRT_MAX__ 0x7fff
#define __LDBL_MAX__ 1.18973149535723176502126385303097021e+4932L
#define __FLT64X_MAX_10_EXP__ 4932
#define __UINT_LEAST8_MAX__ 0xff
#define __GCC_ATOMIC_BOOL_LOCK_FREE 2
#define __FLT128_DENORM_MIN__ 6.47517511943802511092443895822764655e-4966F128
#define __UINTMAX_TYPE__ long unsigned int
#define __linux 1
#define __DEC32_EPSILON__ 1E-6DF
#define __FLT_EVAL_METHOD_TS_18661_3__ 0
#define __unix 1
#define __UINT32_MAX__ 0xffffffffU
#define __LDBL_MAX_EXP__ 16384
#define __FLT128_MIN_EXP__ (-16381)
#define __WINT_MIN__ 0U
#define __linux__ 1
#define __FLT128_MIN_10_EXP__ (-4931)
#define __INT_LEAST16_WIDTH__ 16
#define __SCHAR_MAX__ 0x7f
#define __FLT128_MANT_DIG__ 113
#define __WCHAR_MIN__ (-__WCHAR_MAX__ - 1)
#define __INT64_C(c) c ## L
#define __DBL_DIG__ 15
#define __GCC_ATOMIC_POINTER_LOCK_FREE 2
#define __FLT64X_MANT_DIG__ 64
#define __SIZEOF_INT__ 4
#define __SIZEOF_POINTER__ 8
#define __USER_LABEL_PREFIX__ 
#define __FLT64X_EPSILON__ 1.08420217248550443400745280086994171e-19F64x
#define __STDC_HOSTED__ 1
#define __LDBL_HAS_INFINITY__ 1
#define __FLT32_DIG__ 6
#define __FLT_EPSILON__ 1.19209289550781250000000000000000000e-7F
#define __SHRT_WIDTH__ 16
#define __LDBL_MIN__ 3.36210314311209350626267781732175260e-4932L
#define __STDC_UTF_16__ 1
#define __DEC32_MAX__ 9.999999E96DF
#define __FLT64X_DENORM_MIN__ 3.64519953188247460252840593361941982e-4951F64x
#define __FLT32X_HAS_INFINITY__ 1
#define __INT32_MAX__ 0x7fffffff
#define __INT_WIDTH__ 32
#define __SIZEOF_LONG__ 8
#define __STDC_IEC_559__ 1
#define __STDC_ISO_10646__ 201706L
#define __UINT16_C(c) c
#define __PTRDIFF_WIDTH__ 64
#define __DECIMAL_DIG__ 21
#define __FLT64_EPSILON__ 2.22044604925031308084726333618164062e-16F64
#define __gnu_linux__ 1
#define __INTMAX_WIDTH__ 64
#define __has_include_next(STR) __has_include_next__(STR)
#define __FLT64X_MIN_10_EXP__ (-4931)
#define __LDBL_HAS_QUIET_NAN__ 1
#define __FLT64_MANT_DIG__ 53
#define __GNUC__ 9
#define __pie__ 2
#define __MMX__ 1
#define __FLT_HAS_DENORM__ 1
#define __SIZEOF_LONG_DOUBLE__ 16
#define __BIGGEST_ALIGNMENT__ 16
#define __FLT64_MAX_10_EXP__ 308
#define __DBL_MAX__ ((double)1.79769313486231570814527423731704357e+308L)
#define __INT_FAST32_MAX__ 0x7fffffffffffffffL
#define __DBL_HAS_INFINITY__ 1
#define __HAVE_SPECULATION_SAFE_VALUE 1
#define __DEC32_MIN_EXP__ (-94)
#define __INTPTR_WIDTH__ 64
#define __FLT32X_HAS_DENORM__ 1
#define __INT_FAST16_TYPE__ long int
#define __LDBL_HAS_DENORM__ 1
#define __FLT128_HAS_INFINITY__ 1
#define __DEC128_MAX__ 9.999999999999999999999999999999999E6144DL
#define __INT_LEAST32_MAX__ 0x7fffffff
#define __DEC32_MIN__ 1E-95DF
#define __DBL_MAX_EXP__ 1024
#define __WCHAR_WIDTH__ 32
#define __FLT32_MAX__ 3.40282346638528859811704183484516925e+38F32
#define __DEC128_EPSILON__ 1E-33DL
#define __SSE2_MATH__ 1
#define __ATOMIC_HLE_RELEASE 131072
#define __PTRDIFF_MAX__ 0x7fffffffffffffffL
#define __amd64 1
#define __ATOMIC_HLE_ACQUIRE 65536
#define __FLT32_HAS_QUIET_NAN__ 1
#define __LONG_LONG_MAX__ 0x7fffffffffffffffLL
#define __SIZEOF_SIZE_T__ 8
#define __FLT64X_MIN_EXP__ (-16381)
#define __SIZEOF_WINT_T__ 4
#define __LONG_LONG_WIDTH__ 64
#define __FLT32_MAX_EXP__ 128
#define __GCC_HAVE_DWARF2_CFI_ASM 1
#define __GXX_ABI_VERSION 1013
#define __FLT_MIN_EXP__ (-125)
#define __FLT64X_HAS_QUIET_NAN__ 1
#define __INT_FAST64_TYPE__ long int
#define __FLT64_DENORM_MIN__ 4.94065645841246544176568792868221372e-324F64
#define __DBL_MIN__ ((double)2.22507385850720138309023271733240406e-308L)
#define __PIE__ 2
#define __LP64__ 1
#define __FLT32X_EPSILON__ 2.22044604925031308084726333618164062e-16F32x
#define __DECIMAL_BID_FORMAT__ 1
#define __FLT64_MIN_EXP__ (-1021)
#define __FLT64_MIN_10_EXP__ (-307)
#define __FLT64X_DECIMAL_DIG__ 21
#define __DEC128_MIN__ 1E-6143DL
#define __REGISTER_PREFIX__ 
#define __UINT16_MAX__ 0xffff
#define __DBL_HAS_DENORM__ 1
#define __FLT32_MIN__ 1.17549435082228750796873653722224568e-38F32
#define __UINT8_TYPE__ unsigned char
#define __NO_INLINE__ 1
#define __FLT_MANT_DIG__ 24
#define __LDBL_DECIMAL_DIG__ 21
#define __VERSION__ "9.4.0"
#define __UINT64_C(c) c ## UL
#define _STDC_PREDEF_H 1
#define __GCC_ATOMIC_INT_LOCK_FREE 2
#define __FLT128_MAX_EXP__ 16384
#define __FLT32_MANT_DIG__ 24
#define __FLOAT_WORD_ORDER__ __ORDER_LITTLE_ENDIAN__
#define __STDC_IEC_559_COMPLEX__ 1
#define __FLT128_HAS_DENORM__ 1
#define __FLT128_DIG__ 33
#define __SCHAR_WIDTH__ 8
#define __INT32_C(c) c
#define __DEC64_EPSILON__ 1E-15DD
#define __ORDER_PDP_ENDIAN__ 3412
#define __DEC128_MIN_EXP__ (-6142)
#define __FLT32_MAX_10_EXP__ 38
#define __INT_FAST32_TYPE__ long int
#define __UINT_LEAST16_TYPE__ short unsigned int
#define __FLT64X_HAS_INFINITY__ 1
#define unix 1
#define __INT16_MAX__ 0x7fff
#define __SIZE_TYPE__ long unsigned int
#define __UINT64_MAX__ 0xffffffffffffffffUL
#define __FLT64X_DIG__ 18
#define __INT8_TYPE__ signed char
#define __ELF__ 1
#define __GCC_ASM_FLAG_OUTPUTS__ 1
#define __FLT_RADIX__ 2
#define __INT_LEAST16_TYPE__ short int
#define __LDBL_EPSILON__ 1.08420217248550443400745280086994171e-19L
#define __UINTMAX_C(c) c ## UL
#define __SSE_MATH__ 1
#define __k8 1
#define __SIG_ATOMIC_MAX__ 0x7fffffff
#define __GCC_ATOMIC_WCHAR_T_LOCK_FREE 2
#define __SIZEOF_PTRDIFF_T__ 8
#define __FLT32X_MANT_DIG__ 53
#define __x86_64__ 1
#define __FLT32X_MIN_EXP__ (-1021)
#define __DEC32_SUBNORMAL_MIN__ 0.000001E-95DF
#define __INT_FAST16_MAX__ 0x7fffffffffffffffL
#define __FLT64_DIG__ 15
#define __UINT_FAST32_MAX__ 0xffffffffffffffffUL
#define __UINT_LEAST64_TYPE__ long unsigned int
#define __FLT_HAS_QUIET_NAN__ 1
#define __FLT_MAX_10_EXP__ 38
#define __LONG_MAX__ 0x7fffffffffffffffL
#define __FLT64X_HAS_DENORM__ 1
#define __DEC128_SUBNORMAL_MIN__ 0.000000000000000000000000000000001E-6143DL
#define __FLT_HAS_INFINITY__ 1
#define __UINT_FAST16_TYPE__ long unsigned int
#define __DEC64_MAX__ 9.999999999999999E384DD
#define __INT_FAST32_WIDTH__ 64
#define __CHAR16_TYPE__ short unsigned int
#define __PRAGMA_REDEFINE_EXTNAME 1
#define __SIZE_WIDTH__ 64
#define __SEG_FS 1
#define __INT_LEAST16_MAX__ 0x7fff
#define __DEC64_MANT_DIG__ 16
#define __INT64_MAX__ 0x7fffffffffffffffL
#define __UINT_LEAST32_MAX__ 0xffffffffU
#define __SEG_GS 1
#define __FLT32_DENORM_MIN__ 1.40129846432481707092372958328991613e-45F32
#define __GCC_ATOMIC_LONG_LOCK_FREE 2
#define __SIG_ATOMIC_WIDTH__ 32
#define __INT_LEAST64_TYPE__ long int
#define __INT16_TYPE__ short int
#define __INT_LEAST8_TYPE__ signed char
#define __STDC_VERSION__ 201710L
#define __DEC32_MAX_EXP__ 97
#define __INT_FAST8_MAX__ 0x7f
#define __FLT128_MAX__ 1.18973149535723176508575932662800702e+4932F128
#define __INTPTR_MAX__ 0x7fffffffffffffffL
#define linux 1
#define __FLT64_HAS_QUIET_NAN__ 1
#define __FLT32_MIN_10_EXP__ (-37)
#define __SSE2__ 1
#define __FLT32X_DIG__ 15
#define __LDBL_MANT_DIG__ 64
#define __DBL_HAS_QUIET_NAN__ 1
#define __FLT64_HAS_INFINITY__ 1
#define __FLT64X_MAX__ 1.18973149535723176502126385303097021e+4932F64x
#define __SIG_ATOMIC_MIN__ (-__SIG_ATOMIC_MAX__ - 1)
#define __code_model_small__ 1
#define __k8__ 1
#define __INTPTR_TYPE__ long int
#define __UINT16_TYPE__ short unsigned int
#define __WCHAR_TYPE__ int
#define __SIZEOF_FLOAT__ 4
#define __pic__ 2
#define __UINTPTR_MAX__ 0xffffffffffffffffUL
#define __INT_FAST64_WIDTH__ 64
#define __DEC64_MIN_EXP__ (-382)
#define __FLT32_DECIMAL_DIG__ 9
#define __INT_FAST64_MAX__ 0x7fffffffffffffffL
#define __GCC_ATOMIC_TEST_AND_SET_TRUEVAL 1
#define __FLT_DIG__ 6
#define __FLT32_HAS_INFINITY__ 1
#define __FLT64X_MAX_EXP__ 16384
#define __UINT_FAST64_TYPE__ long unsigned int
#define __INT_MAX__ 0x7fffffff
#define __amd64__ 1
#define __INT64_TYPE__ long int
#define __FLT_MAX_EXP__ 128
#define __ORDER_BIG_ENDIAN__ 4321
#define __DBL_MANT_DIG__ 53
#define __SIZEOF_FLOAT128__ 16
#define __INT_LEAST64_MAX__ 0x7fffffffffffffffL
#define __GCC_ATOMIC_CHAR16_T_LOCK_FREE 2
#define __DEC64_MIN__ 1E-383DD
#define __WINT_TYPE__ unsigned int
#define __UINT_LEAST32_TYPE__ unsigned int
#define __SIZEOF_SHORT__ 2
#define __SSE__ 1
#define __LDBL_MIN_EXP__ (-16381)
#define __FLT64_MAX__ 1.79769313486231570814527423731704357e+308F64
#define __WINT_WIDTH__ 32
#define __INT_LEAST8_MAX__ 0x7f
#define __FLT32X_MAX_10_EXP__ 308
#define __SIZEOF_INT128__ 16
#define __LDBL_MAX_10_EXP__ 4932
#define __ATOMIC_RELAXED 0
#define __DBL_EPSILON__ ((double)2.22044604925031308084726333618164062e-16L)
#define __FLT128_MIN__ 3.36210314311209350626267781732175260e-4932F128
#define _LP64 1
#define __UINT8_C(c) c
#define __FLT64_MAX_EXP__ 1024
#define __INT_LEAST32_TYPE__ int
#define __SIZEOF_WCHAR_T__ 4
#define __UINT64_TYPE__ long unsigned int
#define __FLT128_HAS_QUIET_NAN__ 1
#define __INT_FAST8_TYPE__ signed char
#define __FLT64X_MIN__ 3.36210314311209350626267781732175260e-4932F64x
#define __GNUC_STDC_INLINE__ 1
#define __FLT64_HAS_DENORM__ 1
#define __FLT32_EPSILON__ 1.19209289550781250000000000000000000e-7F32
#define __DBL_DECIMAL_DIG__ 17
#define __STDC_UTF_32__ 1
#define __INT_FAST8_WIDTH__ 8
#define __FXSR__ 1
#define __DEC_EVAL_METHOD__ 2
#define __FLT32X_MAX__ 1.79769313486231570814527423731704357e+308F32x
#define __UINT32_C(c) c ## U
#define __INTMAX_MAX__ 0x7fffffffffffffffL
#define __BYTE_ORDER__ __ORDER_LITTLE_ENDIAN__
#define __FLT_DENORM_MIN__ 1.40129846432481707092372958328991613e-45F
#define __INT8_MAX__ 0x7f
#define __LONG_WIDTH__ 64
#define __PIC__ 2
#define __UINT_FAST32_TYPE__ long unsigned int
#define __CHAR32_TYPE__ unsigned int
#define __FLT_MAX__ 3.40282346638528859811704183484516925e+38F
#define __INT32_TYPE__ int
#define __SIZEOF_DOUBLE__ 8
#define __FLT_MIN_10_EXP__ (-37)
#define __FLT64_MIN__ 2.22507385850720138309023271733240406e-308F64
#define __INT_LEAST32_WIDTH__ 32
#define __INTMAX_TYPE__ long int
#define __DEC128_MAX_EXP__ 6145
#define __FLT32X_HAS_QUIET_NAN__ 1
#define __ATOMIC_CONSUME 1
#define __GNUC_MINOR__ 4
#define __INT_FAST16_WIDTH__ 64
#define __UINTMAX_MAX__ 0xffffffffffffffffUL
#define __DEC32_MANT_DIG__ 7
#define __FLT32X_DENORM_MIN__ 4.94065645841246544176568792868221372e-324F32x
#define __DBL_MAX_10_EXP__ 308
#define __LDBL_DENORM_MIN__ 3.64519953188247460252840593361941982e-4951L
#define __INT16_C(c) c
#define __STDC__ 1
#define __PTRDIFF_TYPE__ long int
#define __ATOMIC_SEQ_CST 5
#define __UINT32_TYPE__ unsigned int
#define __FLT32X_MIN_10_EXP__ (-307)
#define __UINTPTR_TYPE__ long unsigned int
#define __DEC64_SUBNORMAL_MIN__ 0.000000000000001E-383DD
#define __DEC128_MANT_DIG__ 34
#define __LDBL_MIN_10_EXP__ (-4931)
#define __FLT128_EPSILON__ 1.92592994438723585305597794258492732e-34F128
#define __SIZEOF_LONG_LONG__ 8
#define __FLT128_DECIMAL_DIG__ 36
#define __GCC_ATOMIC_LLONG_LOCK_FREE 2
#define __FLT32X_MIN__ 2.22507385850720138309023271733240406e-308F32x
#define __LDBL_DIG__ 18
#define __FLT_DECIMAL_DIG__ 9
#define __UINT_FAST16_MAX__ 0xffffffffffffffffUL
#define __GCC_ATOMIC_SHORT_LOCK_FREE 2
#define __INT_LEAST64_WIDTH__ 64
#define __UINT_FAST8_TYPE__ unsigned char
#define __ATOMIC_ACQ_REL 4
#define __ATOMIC_RELEASE 3

----------------------------------------
Checking for program 'ar'
/usr/bin/ar
find program=['ar'] paths=['/home/weinin/Documents/Research/Will_solve_b/Cobaya_new_packages/packages/code/planck/code/plc_3.0/plc-3.1/bin', '/home/weinin/miniconda3/bin', '/home/weinin/miniconda3/condabin', '/home/weinin/miniconda3/lib/python3.8/site-packages', '/home/weinin/.local/bin', '/home/weinin/bin', '/usr/local/sbin', '/usr/local/bin', '/usr/sbin', '/usr/bin', '/sbin', '/bin', '/usr/games', '/usr/local/games', '/snap/bin'] var='AR' -> ['/usr/bin/ar']
----------------------------------------
Check gfortran version
not found, let's hope for the best...
----------------------------------------
Compile a test code with gfortran
==>
program test
  WRITE(*,*) 'hello world'
 end program test

<==
[1/2] Compiling [32mbuild/.conf_check_da0ee25584c453979eb89e554a7f1c3c/test.f90[0m

['/usr/bin/gfortran', '-DGFORTRAN', '-ffixed-line-length-0', '-ffree-line-length-0', '-m64', '-c', '-o/home/weinin/Documents/Research/Will_solve_b/Cobaya_new_packages/packages/code/planck/code/plc_3.0/plc-3.1/build/.conf_check_da0ee25584c453979eb89e554a7f1c3c/testbuild/test.f90.1.o', '/home/weinin/Documents/Research/Will_solve_b/Cobaya_new_packages/packages/code/planck/code/plc_3.0/plc-3.1/build/.conf_check_da0ee25584c453979eb89e554a7f1c3c/test.f90']
[2/2] Linking [33mbuild/.conf_check_da0ee25584c453979eb89e554a7f1c3c/testbuild/testprog[0m

['/usr/bin/gfortran', '-m64', 'test.f90.1.o', '-o/home/weinin/Documents/Research/Will_solve_b/Cobaya_new_packages/packages/code/planck/code/plc_3.0/plc-3.1/build/.conf_check_da0ee25584c453979eb89e554a7f1c3c/testbuild/testprog', '-m64']
yes
----------------------------------------
retrieve gfortran link line
ok
----------------------------------------
gfortran link line
-L/home/weinin/Documents/Research/Will_solve_b/Cobaya_new_packages/packages/code/planck/code/plc_3.0/plc-3.1 -lgfortran -lgomp
----------------------------------------
Setting install root to
/home/weinin/Documents/Research/Will_solve_b/Cobaya_new_packages/packages/code/planck/code/plc_3.0/plc-3.1
----------------------------------------
Setting install bin directory to
/home/weinin/Documents/Research/Will_solve_b/Cobaya_new_packages/packages/code/planck/code/plc_3.0/plc-3.1/bin
----------------------------------------
Setting install lib directory to
/home/weinin/Documents/Research/Will_solve_b/Cobaya_new_packages/packages/code/planck/code/plc_3.0/plc-3.1/lib
----------------------------------------
Setting install include directory to
/home/weinin/Documents/Research/Will_solve_b/Cobaya_new_packages/packages/code/planck/code/plc_3.0/plc-3.1/include
----------------------------------------
Checking for program 'python'
/home/weinin/miniconda3/bin/python
find program=['python'] paths=['/home/weinin/Documents/Research/Will_solve_b/Cobaya_new_packages/packages/code/planck/code/plc_3.0/plc-3.1/bin', '/home/weinin/miniconda3/bin', '/home/weinin/miniconda3/condabin', '/home/weinin/miniconda3/lib/python3.8/site-packages', '/home/weinin/.local/bin', '/home/weinin/bin', '/usr/local/sbin', '/usr/local/bin', '/usr/sbin', '/usr/bin', '/sbin', '/bin', '/usr/games', '/usr/local/games', '/snap/bin'] var='PYTHON' -> ['/home/weinin/miniconda3/bin/python']
['/home/weinin/miniconda3/bin/python', '-c', 'import sys\ntry:\n print(sys.implementation.cache_tag)\nexcept AttributeError:\n import imp\n print(imp.get_tag())\n']
out: cpython-38

['/home/weinin/miniconda3/bin/python', '-c', 'import sys\nfor x in sys.version_info: print(str(x))']
out: 3
8
5
final
0

['/home/weinin/miniconda3/bin/python', '-c', "from distutils.sysconfig import get_config_var, get_python_lib\n\nprint(repr(get_python_lib(standard_lib=0, prefix='/home/weinin/Documents/Research/Will_solve_b/Cobaya_new_packages/packages/code/planck/code/plc_3.0/plc-3.1') or ''))"]
out: '/home/weinin/Documents/Research/Will_solve_b/Cobaya_new_packages/packages/code/planck/code/plc_3.0/plc-3.1/lib/python3.8/site-packages'

'/home/weinin/Documents/Research/Will_solve_b/Cobaya_new_packages/packages/code/planck/code/plc_3.0/plc-3.1/lib/python3.8/site-packages'

['/home/weinin/miniconda3/bin/python', '-c', "from distutils.sysconfig import get_config_var, get_python_lib\n\nprint(repr(get_python_lib(plat_specific=1, standard_lib=0, prefix='/home/weinin/Documents/Research/Will_solve_b/Cobaya_new_packages/packages/code/planck/code/plc_3.0/plc-3.1') or ''))"]
out: '/home/weinin/Documents/Research/Will_solve_b/Cobaya_new_packages/packages/code/planck/code/plc_3.0/plc-3.1/lib/python3.8/site-packages'

'/home/weinin/Documents/Research/Will_solve_b/Cobaya_new_packages/packages/code/planck/code/plc_3.0/plc-3.1/lib/python3.8/site-packages'

----------------------------------------
Checking for python version
3.8.5
['/home/weinin/miniconda3/bin/python', '-c', "from distutils.sysconfig import get_config_var, get_python_lib\n\nprint(repr(get_config_var('prefix') or ''))\nprint(repr(get_config_var('SO') or ''))\nprint(repr(get_config_var('LDFLAGS') or ''))\nprint(repr(get_config_var('LIBDIR') or ''))\nprint(repr(get_config_var('LIBPL') or ''))\nprint(repr(get_config_var('INCLUDEPY') or ''))\nprint(repr(get_config_var('Py_ENABLE_SHARED') or ''))\nprint(repr(get_config_var('MACOSX_DEPLOYMENT_TARGET') or ''))\nprint(repr(get_config_var('LDSHARED') or ''))\nprint(repr(get_config_var('CFLAGS') or ''))\nprint(repr(get_config_var('LDVERSION') or ''))"]
out: '/home/weinin/miniconda3'
'.cpython-38-x86_64-linux-gnu.so'
'-L/home/weinin/miniconda3/lib -Wl,-rpath=/home/weinin/miniconda3/lib -Wl,--no-as-needed -Wl,--sysroot=/'
'/home/weinin/miniconda3/lib'
'/home/weinin/miniconda3/lib/python3.8/config-3.8-x86_64-linux-gnu'
'/home/weinin/miniconda3/include/python3.8'
''
''
'gcc -pthread -shared -B /home/weinin/miniconda3/compiler_compat -L/home/weinin/miniconda3/lib -Wl,-rpath=/home/weinin/miniconda3/lib -Wl,--no-as-needed -Wl,--sysroot=/'
'-Wsign-compare -DNDEBUG -g -fwrapv -O3 -Wall -Wstrict-prototypes'
'3.8'

err: <string>:4: DeprecationWarning: SO is deprecated, use EXT_SUFFIX

'/home/weinin/miniconda3'
'.cpython-38-x86_64-linux-gnu.so'
'-L/home/weinin/miniconda3/lib -Wl,-rpath=/home/weinin/miniconda3/lib -Wl,--no-as-needed -Wl,--sysroot=/'
'/home/weinin/miniconda3/lib'
'/home/weinin/miniconda3/lib/python3.8/config-3.8-x86_64-linux-gnu'
'/home/weinin/miniconda3/include/python3.8'
''
''
'gcc -pthread -shared -B /home/weinin/miniconda3/compiler_compat -L/home/weinin/miniconda3/lib -Wl,-rpath=/home/weinin/miniconda3/lib -Wl,--no-as-needed -Wl,--sysroot=/'
'-Wsign-compare -DNDEBUG -g -fwrapv -O3 -Wall -Wstrict-prototypes'
'3.8'

Configuration returned from ['/home/weinin/miniconda3/bin/python']:
prefix = '/home/weinin/miniconda3'
SO = '.cpython-38-x86_64-linux-gnu.so'
LDFLAGS = '-L/home/weinin/miniconda3/lib -Wl,-rpath=/home/weinin/miniconda3/lib -Wl,--no-as-needed -Wl,--sysroot=/'
LIBDIR = '/home/weinin/miniconda3/lib'
LIBPL = '/home/weinin/miniconda3/lib/python3.8/config-3.8-x86_64-linux-gnu'
INCLUDEPY = '/home/weinin/miniconda3/include/python3.8'
Py_ENABLE_SHARED = ''
MACOSX_DEPLOYMENT_TARGET = ''
LDSHARED = 'gcc -pthread -shared -B /home/weinin/miniconda3/compiler_compat -L/home/weinin/miniconda3/lib -Wl,-rpath=/home/weinin/miniconda3/lib -Wl,--no-as-needed -Wl,--sysroot=/'
CFLAGS = '-Wsign-compare -DNDEBUG -g -fwrapv -O3 -Wall -Wstrict-prototypes'
LDVERSION = '3.8'

----------------------------------------
python-config
/home/weinin/miniconda3/bin/python3.8-config
find program=['/home/weinin/miniconda3/bin/python-config', 'python3.8-config', 'python-config-3.8', 'python3.8m-config'] paths=['/home/weinin/Documents/Research/Will_solve_b/Cobaya_new_packages/packages/code/planck/code/plc_3.0/plc-3.1/bin', '/home/weinin/miniconda3/bin', '/home/weinin/miniconda3/condabin', '/home/weinin/miniconda3/lib/python3.8/site-packages', '/home/weinin/.local/bin', '/home/weinin/bin', '/usr/local/sbin', '/usr/local/bin', '/usr/sbin', '/usr/bin', '/sbin', '/bin', '/usr/games', '/usr/local/games', '/snap/bin'] var='PYTHON_CONFIG' -> ['/home/weinin/miniconda3/bin/python3.8-config']
--------------------------------------------------------------------------
Asking python-config for pyembed '--cflags --libs --ldflags --embed' flags
['/home/weinin/miniconda3/bin/python3.8-config', '--cflags', '--libs', '--ldflags', '--embed']
out: -I/home/weinin/miniconda3/include/python3.8 -I/home/weinin/miniconda3/include/python3.8  -Wno-unused-result -Wsign-compare -march=nocona -mtune=haswell -ftree-vectorize -fPIC -fstack-protector-strong -fno-plt -O3 -ffunction-sections -pipe -isystem /home/weinin/miniconda3/include -fdebug-prefix-map=/tmp/build/80754af9/python_1599203911753/work=/usr/local/src/conda/python-3.8.5 -fdebug-prefix-map=/home/weinin/miniconda3=/usr/local/src/conda-prefix -fuse-linker-plugin -ffat-lto-objects -flto-partition=none -flto -DNDEBUG -fwrapv -O3 -Wall
-lpython3.8 -lcrypt -lpthread -ldl  -lutil -lrt -lm -lm 
-L/home/weinin/miniconda3/lib/python3.8/config-3.8-x86_64-linux-gnu -L/home/weinin/miniconda3/lib -lpython3.8 -lcrypt -lpthread -ldl  -lutil -lrt -lm -lm 

Unhandled flag '-Wno-unused-result'
Unhandled flag '-Wsign-compare'
Unhandled flag '-pipe'
Unhandled flag '-Wall'
yes
--------------------------------------------------------------------------
Testing pyembed configuration
==>

#include <Python.h>
#ifdef __cplusplus
extern "C" {
#endif
	void Py_Initialize(void);
	void Py_Finalize(void);
#ifdef __cplusplus
}
#endif
int main(int argc, char **argv)
{
   (void)argc; (void)argv;
   Py_Initialize();
   Py_Finalize();
   return 0;
}

<==
[1/2] Compiling [32mbuild/.conf_check_be91ef68520c77d0c3fc10ef92af1ddc/test.c[0m

['/usr/bin/gcc', '-march=nocona', '-mtune=haswell', '-ftree-vectorize', '-fPIC', '-fstack-protector-strong', '-fno-plt', '-O3', '-ffunction-sections', '-isystem', '/home/weinin/miniconda3/include', '-fdebug-prefix-map=/tmp/build/80754af9/python_1599203911753/work=/usr/local/src/conda/python-3.8.5', '-fdebug-prefix-map=/home/weinin/miniconda3=/usr/local/src/conda-prefix', '-fuse-linker-plugin', '-ffat-lto-objects', '-flto-partition=none', '-flto', '-fwrapv', '-O3', '-I../../../../../../../../../../../../../miniconda3/include/python3.8', '-DPYTHONDIR="/home/weinin/Documents/Research/Will_solve_b/Cobaya_new_packages/packages/code/planck/code/plc_3.0/plc-3.1/lib/python3.8/site-packages"', '-DPYTHONARCHDIR="/home/weinin/Documents/Research/Will_solve_b/Cobaya_new_packages/packages/code/planck/code/plc_3.0/plc-3.1/lib/python3.8/site-packages"', '-DNDEBUG', '../test.c', '-c', '-o/home/weinin/Documents/Research/Will_solve_b/Cobaya_new_packages/packages/code/planck/code/plc_3.0/plc-3.1/build/.conf_check_be91ef68520c77d0c3fc10ef92af1ddc/testbuild/test.c.1.o']
[2/2] Linking [33mbuild/.conf_check_be91ef68520c77d0c3fc10ef92af1ddc/testbuild/testprog[0m

['/usr/bin/gcc', '-m64', '-fPIC', '-flto', 'test.c.1.o', '-o/home/weinin/Documents/Research/Will_solve_b/Cobaya_new_packages/packages/code/planck/code/plc_3.0/plc-3.1/build/.conf_check_be91ef68520c77d0c3fc10ef92af1ddc/testbuild/testprog', '-Wl,-Bstatic', '-Wl,-Bdynamic', '-L/home/weinin/miniconda3/lib', '-L/home/weinin/miniconda3/lib/python3.8/config-3.8-x86_64-linux-gnu', '-lm', '-ldl', '-lutil', '-lpthread', '-lpython3.8', '-lcrypt', '-lpthread', '-ldl', '-lutil', '-lrt', '-lm', '-lm', '-lpython3.8', '-lcrypt', '-lpthread', '-ldl', '-lutil', '-lrt', '-lm', '-lm']
yes
--------------------------------------------------------------------------
Checking for library dl
==>

int main(int argc, char **argv) {
	(void)argc; (void)argv;
	return 0;
}

<==
[1/2] Compiling [32mbuild/.conf_check_75f70f473d9fa57ed6154e232fb837c2/test.c[0m

['/usr/bin/gcc', '-DPYTHONDIR="/home/weinin/Documents/Research/Will_solve_b/Cobaya_new_packages/packages/code/planck/code/plc_3.0/plc-3.1/lib/python3.8/site-packages"', '-DPYTHONARCHDIR="/home/weinin/Documents/Research/Will_solve_b/Cobaya_new_packages/packages/code/planck/code/plc_3.0/plc-3.1/lib/python3.8/site-packages"', '-DHAVE_PYEMBED=1', '-DHAVE_PYTHON_H=1', '../test.c', '-c', '-o/home/weinin/Documents/Research/Will_solve_b/Cobaya_new_packages/packages/code/planck/code/plc_3.0/plc-3.1/build/.conf_check_75f70f473d9fa57ed6154e232fb837c2/testbuild/test.c.1.o']
[2/2] Linking [33mbuild/.conf_check_75f70f473d9fa57ed6154e232fb837c2/testbuild/testprog[0m

['/usr/bin/gcc', '-m64', 'test.c.1.o', '-o/home/weinin/Documents/Research/Will_solve_b/Cobaya_new_packages/packages/code/planck/code/plc_3.0/plc-3.1/build/.conf_check_75f70f473d9fa57ed6154e232fb837c2/testbuild/testprog', '-Wl,-Bstatic', '-Wl,-Bdynamic', '-ldl']
yes
--------------------------------------------------------------------------
checking for RTLD_DEFAULT in dl
==>
#include <dlfcn.h> 
int main() {void* tt = RTLD_DEFAULT;}
<==
[1/2] Compiling [32mbuild/.conf_check_291e899b2595b5aa171bd423aa388a72/test.c[0m

['/usr/bin/gcc', '-DPYTHONDIR="/home/weinin/Documents/Research/Will_solve_b/Cobaya_new_packages/packages/code/planck/code/plc_3.0/plc-3.1/lib/python3.8/site-packages"', '-DPYTHONARCHDIR="/home/weinin/Documents/Research/Will_solve_b/Cobaya_new_packages/packages/code/planck/code/plc_3.0/plc-3.1/lib/python3.8/site-packages"', '-DHAVE_PYEMBED=1', '-DHAVE_PYTHON_H=1', '-DHAS_RTLD_DEFAULT', '../test.c', '-c', '-o/home/weinin/Documents/Research/Will_solve_b/Cobaya_new_packages/packages/code/planck/code/plc_3.0/plc-3.1/build/.conf_check_291e899b2595b5aa171bd423aa388a72/testbuild/test.c.1.o']
err: ../test.c: In function ‘main’:
../test.c:2:24: error: ‘RTLD_DEFAULT’ undeclared (first use in this function); did you mean ‘HAS_RTLD_DEFAULT’?
    2 | int main() {void* tt = RTLD_DEFAULT;}
      |                        ^~~~~~~~~~~~
      |                        HAS_RTLD_DEFAULT
../test.c:2:24: note: each undeclared identifier is reported only once for each function it appears in

from /home/weinin/Documents/Research/Will_solve_b/Cobaya_new_packages/packages/code/planck/code/plc_3.0/plc-3.1: Test does not build: Traceback (most recent call last):
  File "/home/weinin/Documents/Research/Will_solve_b/Cobaya_new_packages/packages/code/planck/code/plc_3.0/plc-3.1/.waf3-2.0.22-46430918944c92f6b68b0dfb1f53ffca/waflib/Configure.py", line 335, in run_build
    bld.compile()
  File "/home/weinin/Documents/Research/Will_solve_b/Cobaya_new_packages/packages/code/planck/code/plc_3.0/plc-3.1/.waf3-2.0.22-46430918944c92f6b68b0dfb1f53ffca/waflib/Build.py", line 176, in compile
    raise Errors.BuildError(self.producer.error)
waflib.Errors.BuildError: Build failed
 -> task in 'testprog' failed with exit status 1 (run with -v to display more information)

no
from /home/weinin/Documents/Research/Will_solve_b/Cobaya_new_packages/packages/code/planck/code/plc_3.0/plc-3.1: The configuration failed
--------------------------------------------------------------------------
compile with debug option
OFF
--------------------------------------------------------------------------
Checking for program 'pmc-config'
not found
find program=['pmc-config'] paths=['/bin'] var='PMC_CONFIG' -> None
from /home/weinin/Documents/Research/Will_solve_b/Cobaya_new_packages/packages/code/planck/code/plc_3.0/plc-3.1: Could not find the program ['pmc-config']
--------------------------------------------------------------------------
Checking for library pmc
==>

int main(int argc, char **argv) {
	(void)argc; (void)argv;
	return 0;
}

<==
[1/2] Compiling [32mbuild/.conf_check_b12e18f381c4f041f39651719c9130e9/test.c[0m

['/usr/bin/gcc', '-DPYTHONDIR="/home/weinin/Documents/Research/Will_solve_b/Cobaya_new_packages/packages/code/planck/code/plc_3.0/plc-3.1/lib/python3.8/site-packages"', '-DPYTHONARCHDIR="/home/weinin/Documents/Research/Will_solve_b/Cobaya_new_packages/packages/code/planck/code/plc_3.0/plc-3.1/lib/python3.8/site-packages"', '-DHAVE_PYEMBED=1', '-DHAVE_PYTHON_H=1', '-DHAS_PMC', '../test.c', '-c', '-o/home/weinin/Documents/Research/Will_solve_b/Cobaya_new_packages/packages/code/planck/code/plc_3.0/plc-3.1/build/.conf_check_b12e18f381c4f041f39651719c9130e9/testbuild/test.c.1.o']
[2/2] Linking [33mbuild/.conf_check_b12e18f381c4f041f39651719c9130e9/testbuild/testprog[0m

['/usr/bin/gcc', '-m64', 'test.c.1.o', '-o/home/weinin/Documents/Research/Will_solve_b/Cobaya_new_packages/packages/code/planck/code/plc_3.0/plc-3.1/build/.conf_check_b12e18f381c4f041f39651719c9130e9/testbuild/testprog', '-Wl,-rpath,/home/weinin/Documents/Research/Will_solve_b/Cobaya_new_packages/packages/code/planck/code/plc_3.0/plc-3.1/lib', '-Wl,-Bstatic', '-Wl,-Bdynamic', '-lpmc']
err: /usr/bin/ld: cannot find -lpmc
collect2: error: ld returned 1 exit status

from /home/weinin/Documents/Research/Will_solve_b/Cobaya_new_packages/packages/code/planck/code/plc_3.0/plc-3.1: Test does not build: Traceback (most recent call last):
  File "/home/weinin/Documents/Research/Will_solve_b/Cobaya_new_packages/packages/code/planck/code/plc_3.0/plc-3.1/.waf3-2.0.22-46430918944c92f6b68b0dfb1f53ffca/waflib/Configure.py", line 335, in run_build
    bld.compile()
  File "/home/weinin/Documents/Research/Will_solve_b/Cobaya_new_packages/packages/code/planck/code/plc_3.0/plc-3.1/.waf3-2.0.22-46430918944c92f6b68b0dfb1f53ffca/waflib/Build.py", line 176, in compile
    raise Errors.BuildError(self.producer.error)
waflib.Errors.BuildError: Build failed
 -> task in 'testprog' failed with exit status 1 (run with -v to display more information)

not found
from /home/weinin/Documents/Research/Will_solve_b/Cobaya_new_packages/packages/code/planck/code/plc_3.0/plc-3.1: The configuration failed
--------------------------------------------------------------------------
Checking for library ['lapack', 'blas']
==>

int main(int argc, char **argv) {
	(void)argc; (void)argv;
	return 0;
}

<==
[1/2] Compiling [32mbuild/.conf_check_b21f6fcbd253154d4cad03cddf0e864e/test.c[0m

['/usr/bin/gcc', '-I../../../include', '-DPYTHONDIR="/home/weinin/Documents/Research/Will_solve_b/Cobaya_new_packages/packages/code/planck/code/plc_3.0/plc-3.1/lib/python3.8/site-packages"', '-DPYTHONARCHDIR="/home/weinin/Documents/Research/Will_solve_b/Cobaya_new_packages/packages/code/planck/code/plc_3.0/plc-3.1/lib/python3.8/site-packages"', '-DHAVE_PYEMBED=1', '-DHAVE_PYTHON_H=1', '-DHAS_LAPACK', '-DLAPACK_CLIK', '../test.c', '-c', '-o/home/weinin/Documents/Research/Will_solve_b/Cobaya_new_packages/packages/code/planck/code/plc_3.0/plc-3.1/build/.conf_check_b21f6fcbd253154d4cad03cddf0e864e/testbuild/test.c.1.o']
[2/2] Linking [33mbuild/.conf_check_b21f6fcbd253154d4cad03cddf0e864e/testbuild/testprog[0m

['/usr/bin/gcc', '-m64', 'test.c.1.o', '-o/home/weinin/Documents/Research/Will_solve_b/Cobaya_new_packages/packages/code/planck/code/plc_3.0/plc-3.1/build/.conf_check_b21f6fcbd253154d4cad03cddf0e864e/testbuild/testprog', '-Wl,-rpath,/home/weinin/Documents/Research/Will_solve_b/Cobaya_new_packages/packages/code/planck/code/plc_3.0/plc-3.1/lib', '-Wl,-Bstatic', '-Wl,-Bdynamic', '-llapack', '-lblas']
yes
--------------------------------------------------------------------------
checking for function 'dposv'
==>
#include <lapack_clik.h>

int main(int argc, char **argv) {
void (*p)();
(void)argc; (void)argv;
p=(void(*)())(dposv);
return !p;
}
<==
[1/2] Compiling [32mbuild/.conf_check_8de7b3eb990f84924d140bb035121e1f/test.c[0m

['/usr/bin/gcc', '-I../../../include', '-DPYTHONDIR="/home/weinin/Documents/Research/Will_solve_b/Cobaya_new_packages/packages/code/planck/code/plc_3.0/plc-3.1/lib/python3.8/site-packages"', '-DPYTHONARCHDIR="/home/weinin/Documents/Research/Will_solve_b/Cobaya_new_packages/packages/code/planck/code/plc_3.0/plc-3.1/lib/python3.8/site-packages"', '-DHAVE_PYEMBED=1', '-DHAVE_PYTHON_H=1', '-DHAS_LAPACK', '-DLAPACK_CLIK', '../test.c', '-c', '-o/home/weinin/Documents/Research/Will_solve_b/Cobaya_new_packages/packages/code/planck/code/plc_3.0/plc-3.1/build/.conf_check_8de7b3eb990f84924d140bb035121e1f/testbuild/test.c.1.o']
[2/2] Linking [33mbuild/.conf_check_8de7b3eb990f84924d140bb035121e1f/testbuild/testprog[0m

['/usr/bin/gcc', '-m64', 'test.c.1.o', '-o/home/weinin/Documents/Research/Will_solve_b/Cobaya_new_packages/packages/code/planck/code/plc_3.0/plc-3.1/build/.conf_check_8de7b3eb990f84924d140bb035121e1f/testbuild/testprog', '-Wl,-rpath,/home/weinin/Documents/Research/Will_solve_b/Cobaya_new_packages/packages/code/planck/code/plc_3.0/plc-3.1/lib', '-Wl,-Bstatic', '-Wl,-Bdynamic', '-llapack', '-lblas']
yes
--------------------------------------------------------------------------
checking for function 'dtrsv'
==>
#include <lapack_clik.h>

int main(int argc, char **argv) {
void (*p)();
(void)argc; (void)argv;
p=(void(*)())(dtrsv);
return !p;
}
<==
[1/2] Compiling [32mbuild/.conf_check_0e103adbb19f2ea70de88a14c16bd8d0/test.c[0m

['/usr/bin/gcc', '-I../../../include', '-DPYTHONDIR="/home/weinin/Documents/Research/Will_solve_b/Cobaya_new_packages/packages/code/planck/code/plc_3.0/plc-3.1/lib/python3.8/site-packages"', '-DPYTHONARCHDIR="/home/weinin/Documents/Research/Will_solve_b/Cobaya_new_packages/packages/code/planck/code/plc_3.0/plc-3.1/lib/python3.8/site-packages"', '-DHAVE_PYEMBED=1', '-DHAVE_PYTHON_H=1', '-DHAS_LAPACK', '-DLAPACK_CLIK', '../test.c', '-c', '-o/home/weinin/Documents/Research/Will_solve_b/Cobaya_new_packages/packages/code/planck/code/plc_3.0/plc-3.1/build/.conf_check_0e103adbb19f2ea70de88a14c16bd8d0/testbuild/test.c.1.o']
[2/2] Linking [33mbuild/.conf_check_0e103adbb19f2ea70de88a14c16bd8d0/testbuild/testprog[0m

['/usr/bin/gcc', '-m64', 'test.c.1.o', '-o/home/weinin/Documents/Research/Will_solve_b/Cobaya_new_packages/packages/code/planck/code/plc_3.0/plc-3.1/build/.conf_check_0e103adbb19f2ea70de88a14c16bd8d0/testbuild/testprog', '-Wl,-rpath,/home/weinin/Documents/Research/Will_solve_b/Cobaya_new_packages/packages/code/planck/code/plc_3.0/plc-3.1/lib', '-Wl,-Bstatic', '-Wl,-Bdynamic', '-llapack', '-lblas']
yes
--------------------------------------------------------------------------
checking for function 'dpotrf'
==>
#include <lapack_clik.h>

int main(int argc, char **argv) {
void (*p)();
(void)argc; (void)argv;
p=(void(*)())(dpotrf);
return !p;
}
<==
[1/2] Compiling [32mbuild/.conf_check_68b5706cdd10f291928350c15691d607/test.c[0m

['/usr/bin/gcc', '-I../../../include', '-DPYTHONDIR="/home/weinin/Documents/Research/Will_solve_b/Cobaya_new_packages/packages/code/planck/code/plc_3.0/plc-3.1/lib/python3.8/site-packages"', '-DPYTHONARCHDIR="/home/weinin/Documents/Research/Will_solve_b/Cobaya_new_packages/packages/code/planck/code/plc_3.0/plc-3.1/lib/python3.8/site-packages"', '-DHAVE_PYEMBED=1', '-DHAVE_PYTHON_H=1', '-DHAS_LAPACK', '-DLAPACK_CLIK', '../test.c', '-c', '-o/home/weinin/Documents/Research/Will_solve_b/Cobaya_new_packages/packages/code/planck/code/plc_3.0/plc-3.1/build/.conf_check_68b5706cdd10f291928350c15691d607/testbuild/test.c.1.o']
[2/2] Linking [33mbuild/.conf_check_68b5706cdd10f291928350c15691d607/testbuild/testprog[0m

['/usr/bin/gcc', '-m64', 'test.c.1.o', '-o/home/weinin/Documents/Research/Will_solve_b/Cobaya_new_packages/packages/code/planck/code/plc_3.0/plc-3.1/build/.conf_check_68b5706cdd10f291928350c15691d607/testbuild/testprog', '-Wl,-rpath,/home/weinin/Documents/Research/Will_solve_b/Cobaya_new_packages/packages/code/planck/code/plc_3.0/plc-3.1/lib', '-Wl,-Bstatic', '-Wl,-Bdynamic', '-llapack', '-lblas']
yes
--------------------------------------------------------------------------
checking for function 'dpotrs'
==>
#include <lapack_clik.h>

int main(int argc, char **argv) {
void (*p)();
(void)argc; (void)argv;
p=(void(*)())(dpotrs);
return !p;
}
<==
[1/2] Compiling [32mbuild/.conf_check_c3ed991dff324b0b8ff640a900cc6d52/test.c[0m

['/usr/bin/gcc', '-I../../../include', '-DPYTHONDIR="/home/weinin/Documents/Research/Will_solve_b/Cobaya_new_packages/packages/code/planck/code/plc_3.0/plc-3.1/lib/python3.8/site-packages"', '-DPYTHONARCHDIR="/home/weinin/Documents/Research/Will_solve_b/Cobaya_new_packages/packages/code/planck/code/plc_3.0/plc-3.1/lib/python3.8/site-packages"', '-DHAVE_PYEMBED=1', '-DHAVE_PYTHON_H=1', '-DHAS_LAPACK', '-DLAPACK_CLIK', '../test.c', '-c', '-o/home/weinin/Documents/Research/Will_solve_b/Cobaya_new_packages/packages/code/planck/code/plc_3.0/plc-3.1/build/.conf_check_c3ed991dff324b0b8ff640a900cc6d52/testbuild/test.c.1.o']
[2/2] Linking [33mbuild/.conf_check_c3ed991dff324b0b8ff640a900cc6d52/testbuild/testprog[0m

['/usr/bin/gcc', '-m64', 'test.c.1.o', '-o/home/weinin/Documents/Research/Will_solve_b/Cobaya_new_packages/packages/code/planck/code/plc_3.0/plc-3.1/build/.conf_check_c3ed991dff324b0b8ff640a900cc6d52/testbuild/testprog', '-Wl,-rpath,/home/weinin/Documents/Research/Will_solve_b/Cobaya_new_packages/packages/code/planck/code/plc_3.0/plc-3.1/lib', '-Wl,-Bstatic', '-Wl,-Bdynamic', '-llapack', '-lblas']
yes
--------------------------------------------------------------------------
checking for function 'dpotri'
==>
#include <lapack_clik.h>

int main(int argc, char **argv) {
void (*p)();
(void)argc; (void)argv;
p=(void(*)())(dpotri);
return !p;
}
<==
[1/2] Compiling [32mbuild/.conf_check_fde1f89bca8f82fd61424d8bb8ae830c/test.c[0m

['/usr/bin/gcc', '-I../../../include', '-DPYTHONDIR="/home/weinin/Documents/Research/Will_solve_b/Cobaya_new_packages/packages/code/planck/code/plc_3.0/plc-3.1/lib/python3.8/site-packages"', '-DPYTHONARCHDIR="/home/weinin/Documents/Research/Will_solve_b/Cobaya_new_packages/packages/code/planck/code/plc_3.0/plc-3.1/lib/python3.8/site-packages"', '-DHAVE_PYEMBED=1', '-DHAVE_PYTHON_H=1', '-DHAS_LAPACK', '-DLAPACK_CLIK', '../test.c', '-c', '-o/home/weinin/Documents/Research/Will_solve_b/Cobaya_new_packages/packages/code/planck/code/plc_3.0/plc-3.1/build/.conf_check_fde1f89bca8f82fd61424d8bb8ae830c/testbuild/test.c.1.o']
[2/2] Linking [33mbuild/.conf_check_fde1f89bca8f82fd61424d8bb8ae830c/testbuild/testprog[0m

['/usr/bin/gcc', '-m64', 'test.c.1.o', '-o/home/weinin/Documents/Research/Will_solve_b/Cobaya_new_packages/packages/code/planck/code/plc_3.0/plc-3.1/build/.conf_check_fde1f89bca8f82fd61424d8bb8ae830c/testbuild/testprog', '-Wl,-rpath,/home/weinin/Documents/Research/Will_solve_b/Cobaya_new_packages/packages/code/planck/code/plc_3.0/plc-3.1/lib', '-Wl,-Bstatic', '-Wl,-Bdynamic', '-llapack', '-lblas']
yes
--------------------------------------------------------------------------
checking for function 'dtrtri'
==>
#include <lapack_clik.h>

int main(int argc, char **argv) {
void (*p)();
(void)argc; (void)argv;
p=(void(*)())(dtrtri);
return !p;
}
<==
[1/2] Compiling [32mbuild/.conf_check_2f4fd8c7484c30e20103b79ec2d99bef/test.c[0m

['/usr/bin/gcc', '-I../../../include', '-DPYTHONDIR="/home/weinin/Documents/Research/Will_solve_b/Cobaya_new_packages/packages/code/planck/code/plc_3.0/plc-3.1/lib/python3.8/site-packages"', '-DPYTHONARCHDIR="/home/weinin/Documents/Research/Will_solve_b/Cobaya_new_packages/packages/code/planck/code/plc_3.0/plc-3.1/lib/python3.8/site-packages"', '-DHAVE_PYEMBED=1', '-DHAVE_PYTHON_H=1', '-DHAS_LAPACK', '-DLAPACK_CLIK', '../test.c', '-c', '-o/home/weinin/Documents/Research/Will_solve_b/Cobaya_new_packages/packages/code/planck/code/plc_3.0/plc-3.1/build/.conf_check_2f4fd8c7484c30e20103b79ec2d99bef/testbuild/test.c.1.o']
[2/2] Linking [33mbuild/.conf_check_2f4fd8c7484c30e20103b79ec2d99bef/testbuild/testprog[0m

['/usr/bin/gcc', '-m64', 'test.c.1.o', '-o/home/weinin/Documents/Research/Will_solve_b/Cobaya_new_packages/packages/code/planck/code/plc_3.0/plc-3.1/build/.conf_check_2f4fd8c7484c30e20103b79ec2d99bef/testbuild/testprog', '-Wl,-rpath,/home/weinin/Documents/Research/Will_solve_b/Cobaya_new_packages/packages/code/planck/code/plc_3.0/plc-3.1/lib', '-Wl,-Bstatic', '-Wl,-Bdynamic', '-llapack', '-lblas']
yes
--------------------------------------------------------------------------
checking for function 'dtrmm'
==>
#include <lapack_clik.h>

int main(int argc, char **argv) {
void (*p)();
(void)argc; (void)argv;
p=(void(*)())(dtrmm);
return !p;
}
<==
[1/2] Compiling [32mbuild/.conf_check_b9ba5b9783b4323ba6ed8f3cf7550ecc/test.c[0m

['/usr/bin/gcc', '-I../../../include', '-DPYTHONDIR="/home/weinin/Documents/Research/Will_solve_b/Cobaya_new_packages/packages/code/planck/code/plc_3.0/plc-3.1/lib/python3.8/site-packages"', '-DPYTHONARCHDIR="/home/weinin/Documents/Research/Will_solve_b/Cobaya_new_packages/packages/code/planck/code/plc_3.0/plc-3.1/lib/python3.8/site-packages"', '-DHAVE_PYEMBED=1', '-DHAVE_PYTHON_H=1', '-DHAS_LAPACK', '-DLAPACK_CLIK', '../test.c', '-c', '-o/home/weinin/Documents/Research/Will_solve_b/Cobaya_new_packages/packages/code/planck/code/plc_3.0/plc-3.1/build/.conf_check_b9ba5b9783b4323ba6ed8f3cf7550ecc/testbuild/test.c.1.o']
[2/2] Linking [33mbuild/.conf_check_b9ba5b9783b4323ba6ed8f3cf7550ecc/testbuild/testprog[0m

['/usr/bin/gcc', '-m64', 'test.c.1.o', '-o/home/weinin/Documents/Research/Will_solve_b/Cobaya_new_packages/packages/code/planck/code/plc_3.0/plc-3.1/build/.conf_check_b9ba5b9783b4323ba6ed8f3cf7550ecc/testbuild/testprog', '-Wl,-rpath,/home/weinin/Documents/Research/Will_solve_b/Cobaya_new_packages/packages/code/planck/code/plc_3.0/plc-3.1/lib', '-Wl,-Bstatic', '-Wl,-Bdynamic', '-llapack', '-lblas']
yes
--------------------------------------------------------------------------
checking for function 'dtrmv'
==>
#include <lapack_clik.h>

int main(int argc, char **argv) {
void (*p)();
(void)argc; (void)argv;
p=(void(*)())(dtrmv);
return !p;
}
<==
[1/2] Compiling [32mbuild/.conf_check_bf9596b7dd4480276187121a0b247588/test.c[0m

['/usr/bin/gcc', '-I../../../include', '-DPYTHONDIR="/home/weinin/Documents/Research/Will_solve_b/Cobaya_new_packages/packages/code/planck/code/plc_3.0/plc-3.1/lib/python3.8/site-packages"', '-DPYTHONARCHDIR="/home/weinin/Documents/Research/Will_solve_b/Cobaya_new_packages/packages/code/planck/code/plc_3.0/plc-3.1/lib/python3.8/site-packages"', '-DHAVE_PYEMBED=1', '-DHAVE_PYTHON_H=1', '-DHAS_LAPACK', '-DLAPACK_CLIK', '../test.c', '-c', '-o/home/weinin/Documents/Research/Will_solve_b/Cobaya_new_packages/packages/code/planck/code/plc_3.0/plc-3.1/build/.conf_check_bf9596b7dd4480276187121a0b247588/testbuild/test.c.1.o']
[2/2] Linking [33mbuild/.conf_check_bf9596b7dd4480276187121a0b247588/testbuild/testprog[0m

['/usr/bin/gcc', '-m64', 'test.c.1.o', '-o/home/weinin/Documents/Research/Will_solve_b/Cobaya_new_packages/packages/code/planck/code/plc_3.0/plc-3.1/build/.conf_check_bf9596b7dd4480276187121a0b247588/testbuild/testprog', '-Wl,-rpath,/home/weinin/Documents/Research/Will_solve_b/Cobaya_new_packages/packages/code/planck/code/plc_3.0/plc-3.1/lib', '-Wl,-Bstatic', '-Wl,-Bdynamic', '-llapack', '-lblas']
yes
--------------------------------------------------------------------------
checking for function 'dgeqrf'
==>
#include <lapack_clik.h>

int main(int argc, char **argv) {
void (*p)();
(void)argc; (void)argv;
p=(void(*)())(dgeqrf);
return !p;
}
<==
[1/2] Compiling [32mbuild/.conf_check_6f0d1645a06cfc2c64c4e9159871650f/test.c[0m

['/usr/bin/gcc', '-I../../../include', '-DPYTHONDIR="/home/weinin/Documents/Research/Will_solve_b/Cobaya_new_packages/packages/code/planck/code/plc_3.0/plc-3.1/lib/python3.8/site-packages"', '-DPYTHONARCHDIR="/home/weinin/Documents/Research/Will_solve_b/Cobaya_new_packages/packages/code/planck/code/plc_3.0/plc-3.1/lib/python3.8/site-packages"', '-DHAVE_PYEMBED=1', '-DHAVE_PYTHON_H=1', '-DHAS_LAPACK', '-DLAPACK_CLIK', '../test.c', '-c', '-o/home/weinin/Documents/Research/Will_solve_b/Cobaya_new_packages/packages/code/planck/code/plc_3.0/plc-3.1/build/.conf_check_6f0d1645a06cfc2c64c4e9159871650f/testbuild/test.c.1.o']
[2/2] Linking [33mbuild/.conf_check_6f0d1645a06cfc2c64c4e9159871650f/testbuild/testprog[0m

['/usr/bin/gcc', '-m64', 'test.c.1.o', '-o/home/weinin/Documents/Research/Will_solve_b/Cobaya_new_packages/packages/code/planck/code/plc_3.0/plc-3.1/build/.conf_check_6f0d1645a06cfc2c64c4e9159871650f/testbuild/testprog', '-Wl,-rpath,/home/weinin/Documents/Research/Will_solve_b/Cobaya_new_packages/packages/code/planck/code/plc_3.0/plc-3.1/lib', '-Wl,-Bstatic', '-Wl,-Bdynamic', '-llapack', '-lblas']
yes
--------------------------------------------------------------------------
checking for function 'dormqr'
==>
#include <lapack_clik.h>

int main(int argc, char **argv) {
void (*p)();
(void)argc; (void)argv;
p=(void(*)())(dormqr);
return !p;
}
<==
[1/2] Compiling [32mbuild/.conf_check_e21a1348e83cd599c6bbbd8c5530ab5d/test.c[0m

['/usr/bin/gcc', '-I../../../include', '-DPYTHONDIR="/home/weinin/Documents/Research/Will_solve_b/Cobaya_new_packages/packages/code/planck/code/plc_3.0/plc-3.1/lib/python3.8/site-packages"', '-DPYTHONARCHDIR="/home/weinin/Documents/Research/Will_solve_b/Cobaya_new_packages/packages/code/planck/code/plc_3.0/plc-3.1/lib/python3.8/site-packages"', '-DHAVE_PYEMBED=1', '-DHAVE_PYTHON_H=1', '-DHAS_LAPACK', '-DLAPACK_CLIK', '../test.c', '-c', '-o/home/weinin/Documents/Research/Will_solve_b/Cobaya_new_packages/packages/code/planck/code/plc_3.0/plc-3.1/build/.conf_check_e21a1348e83cd599c6bbbd8c5530ab5d/testbuild/test.c.1.o']
[2/2] Linking [33mbuild/.conf_check_e21a1348e83cd599c6bbbd8c5530ab5d/testbuild/testprog[0m

['/usr/bin/gcc', '-m64', 'test.c.1.o', '-o/home/weinin/Documents/Research/Will_solve_b/Cobaya_new_packages/packages/code/planck/code/plc_3.0/plc-3.1/build/.conf_check_e21a1348e83cd599c6bbbd8c5530ab5d/testbuild/testprog', '-Wl,-rpath,/home/weinin/Documents/Research/Will_solve_b/Cobaya_new_packages/packages/code/planck/code/plc_3.0/plc-3.1/lib', '-Wl,-Bstatic', '-Wl,-Bdynamic', '-llapack', '-lblas']
yes
--------------------------------------------------------------------------
checking for function 'dsyev'
==>
#include <lapack_clik.h>

int main(int argc, char **argv) {
void (*p)();
(void)argc; (void)argv;
p=(void(*)())(dsyev);
return !p;
}
<==
[1/2] Compiling [32mbuild/.conf_check_44179d0d152a5637068c0582659ec63e/test.c[0m

['/usr/bin/gcc', '-I../../../include', '-DPYTHONDIR="/home/weinin/Documents/Research/Will_solve_b/Cobaya_new_packages/packages/code/planck/code/plc_3.0/plc-3.1/lib/python3.8/site-packages"', '-DPYTHONARCHDIR="/home/weinin/Documents/Research/Will_solve_b/Cobaya_new_packages/packages/code/planck/code/plc_3.0/plc-3.1/lib/python3.8/site-packages"', '-DHAVE_PYEMBED=1', '-DHAVE_PYTHON_H=1', '-DHAS_LAPACK', '-DLAPACK_CLIK', '../test.c', '-c', '-o/home/weinin/Documents/Research/Will_solve_b/Cobaya_new_packages/packages/code/planck/code/plc_3.0/plc-3.1/build/.conf_check_44179d0d152a5637068c0582659ec63e/testbuild/test.c.1.o']
[2/2] Linking [33mbuild/.conf_check_44179d0d152a5637068c0582659ec63e/testbuild/testprog[0m

['/usr/bin/gcc', '-m64', 'test.c.1.o', '-o/home/weinin/Documents/Research/Will_solve_b/Cobaya_new_packages/packages/code/planck/code/plc_3.0/plc-3.1/build/.conf_check_44179d0d152a5637068c0582659ec63e/testbuild/testprog', '-Wl,-rpath,/home/weinin/Documents/Research/Will_solve_b/Cobaya_new_packages/packages/code/planck/code/plc_3.0/plc-3.1/lib', '-Wl,-Bstatic', '-Wl,-Bdynamic', '-llapack', '-lblas']
yes
--------------------------------------------------------------------------
checking for function 'dgesvd'
==>
#include <lapack_clik.h>

int main(int argc, char **argv) {
void (*p)();
(void)argc; (void)argv;
p=(void(*)())(dgesvd);
return !p;
}
<==
[1/2] Compiling [32mbuild/.conf_check_8699b82c2f93557bc462167287220193/test.c[0m

['/usr/bin/gcc', '-I../../../include', '-DPYTHONDIR="/home/weinin/Documents/Research/Will_solve_b/Cobaya_new_packages/packages/code/planck/code/plc_3.0/plc-3.1/lib/python3.8/site-packages"', '-DPYTHONARCHDIR="/home/weinin/Documents/Research/Will_solve_b/Cobaya_new_packages/packages/code/planck/code/plc_3.0/plc-3.1/lib/python3.8/site-packages"', '-DHAVE_PYEMBED=1', '-DHAVE_PYTHON_H=1', '-DHAS_LAPACK', '-DLAPACK_CLIK', '../test.c', '-c', '-o/home/weinin/Documents/Research/Will_solve_b/Cobaya_new_packages/packages/code/planck/code/plc_3.0/plc-3.1/build/.conf_check_8699b82c2f93557bc462167287220193/testbuild/test.c.1.o']
[2/2] Linking [33mbuild/.conf_check_8699b82c2f93557bc462167287220193/testbuild/testprog[0m

['/usr/bin/gcc', '-m64', 'test.c.1.o', '-o/home/weinin/Documents/Research/Will_solve_b/Cobaya_new_packages/packages/code/planck/code/plc_3.0/plc-3.1/build/.conf_check_8699b82c2f93557bc462167287220193/testbuild/testprog', '-Wl,-rpath,/home/weinin/Documents/Research/Will_solve_b/Cobaya_new_packages/packages/code/planck/code/plc_3.0/plc-3.1/lib', '-Wl,-Bstatic', '-Wl,-Bdynamic', '-llapack', '-lblas']
yes
--------------------------------------------------------------------------
checking for function 'dsymv'
==>
#include <lapack_clik.h>

int main(int argc, char **argv) {
void (*p)();
(void)argc; (void)argv;
p=(void(*)())(dsymv);
return !p;
}
<==
[1/2] Compiling [32mbuild/.conf_check_4b9e0b5dc40ecc0241917e29282f7cc6/test.c[0m

['/usr/bin/gcc', '-I../../../include', '-DPYTHONDIR="/home/weinin/Documents/Research/Will_solve_b/Cobaya_new_packages/packages/code/planck/code/plc_3.0/plc-3.1/lib/python3.8/site-packages"', '-DPYTHONARCHDIR="/home/weinin/Documents/Research/Will_solve_b/Cobaya_new_packages/packages/code/planck/code/plc_3.0/plc-3.1/lib/python3.8/site-packages"', '-DHAVE_PYEMBED=1', '-DHAVE_PYTHON_H=1', '-DHAS_LAPACK', '-DLAPACK_CLIK', '../test.c', '-c', '-o/home/weinin/Documents/Research/Will_solve_b/Cobaya_new_packages/packages/code/planck/code/plc_3.0/plc-3.1/build/.conf_check_4b9e0b5dc40ecc0241917e29282f7cc6/testbuild/test.c.1.o']
[2/2] Linking [33mbuild/.conf_check_4b9e0b5dc40ecc0241917e29282f7cc6/testbuild/testprog[0m

['/usr/bin/gcc', '-m64', 'test.c.1.o', '-o/home/weinin/Documents/Research/Will_solve_b/Cobaya_new_packages/packages/code/planck/code/plc_3.0/plc-3.1/build/.conf_check_4b9e0b5dc40ecc0241917e29282f7cc6/testbuild/testprog', '-Wl,-rpath,/home/weinin/Documents/Research/Will_solve_b/Cobaya_new_packages/packages/code/planck/code/plc_3.0/plc-3.1/lib', '-Wl,-Bstatic', '-Wl,-Bdynamic', '-llapack', '-lblas']
yes
--------------------------------------------------------------------------
checking for function 'dgemv'
==>
#include <lapack_clik.h>

int main(int argc, char **argv) {
void (*p)();
(void)argc; (void)argv;
p=(void(*)())(dgemv);
return !p;
}
<==
[1/2] Compiling [32mbuild/.conf_check_32cf20597c6f00e1cfb26d93d5444bcd/test.c[0m

['/usr/bin/gcc', '-I../../../include', '-DPYTHONDIR="/home/weinin/Documents/Research/Will_solve_b/Cobaya_new_packages/packages/code/planck/code/plc_3.0/plc-3.1/lib/python3.8/site-packages"', '-DPYTHONARCHDIR="/home/weinin/Documents/Research/Will_solve_b/Cobaya_new_packages/packages/code/planck/code/plc_3.0/plc-3.1/lib/python3.8/site-packages"', '-DHAVE_PYEMBED=1', '-DHAVE_PYTHON_H=1', '-DHAS_LAPACK', '-DLAPACK_CLIK', '../test.c', '-c', '-o/home/weinin/Documents/Research/Will_solve_b/Cobaya_new_packages/packages/code/planck/code/plc_3.0/plc-3.1/build/.conf_check_32cf20597c6f00e1cfb26d93d5444bcd/testbuild/test.c.1.o']
[2/2] Linking [33mbuild/.conf_check_32cf20597c6f00e1cfb26d93d5444bcd/testbuild/testprog[0m

['/usr/bin/gcc', '-m64', 'test.c.1.o', '-o/home/weinin/Documents/Research/Will_solve_b/Cobaya_new_packages/packages/code/planck/code/plc_3.0/plc-3.1/build/.conf_check_32cf20597c6f00e1cfb26d93d5444bcd/testbuild/testprog', '-Wl,-rpath,/home/weinin/Documents/Research/Will_solve_b/Cobaya_new_packages/packages/code/planck/code/plc_3.0/plc-3.1/lib', '-Wl,-Bstatic', '-Wl,-Bdynamic', '-llapack', '-lblas']
yes
--------------------------------------------------------------------------
checking for function 'dgemm'
==>
#include <lapack_clik.h>

int main(int argc, char **argv) {
void (*p)();
(void)argc; (void)argv;
p=(void(*)())(dgemm);
return !p;
}
<==
[1/2] Compiling [32mbuild/.conf_check_c4af3508e5d5880e9d546d548d42be9d/test.c[0m

['/usr/bin/gcc', '-I../../../include', '-DPYTHONDIR="/home/weinin/Documents/Research/Will_solve_b/Cobaya_new_packages/packages/code/planck/code/plc_3.0/plc-3.1/lib/python3.8/site-packages"', '-DPYTHONARCHDIR="/home/weinin/Documents/Research/Will_solve_b/Cobaya_new_packages/packages/code/planck/code/plc_3.0/plc-3.1/lib/python3.8/site-packages"', '-DHAVE_PYEMBED=1', '-DHAVE_PYTHON_H=1', '-DHAS_LAPACK', '-DLAPACK_CLIK', '../test.c', '-c', '-o/home/weinin/Documents/Research/Will_solve_b/Cobaya_new_packages/packages/code/planck/code/plc_3.0/plc-3.1/build/.conf_check_c4af3508e5d5880e9d546d548d42be9d/testbuild/test.c.1.o']
[2/2] Linking [33mbuild/.conf_check_c4af3508e5d5880e9d546d548d42be9d/testbuild/testprog[0m

['/usr/bin/gcc', '-m64', 'test.c.1.o', '-o/home/weinin/Documents/Research/Will_solve_b/Cobaya_new_packages/packages/code/planck/code/plc_3.0/plc-3.1/build/.conf_check_c4af3508e5d5880e9d546d548d42be9d/testbuild/testprog', '-Wl,-rpath,/home/weinin/Documents/Research/Will_solve_b/Cobaya_new_packages/packages/code/planck/code/plc_3.0/plc-3.1/lib', '-Wl,-Bstatic', '-Wl,-Bdynamic', '-llapack', '-lblas']
yes
--------------------------------------------------------------------------
checking for function 'dsyrk'
==>
#include <lapack_clik.h>

int main(int argc, char **argv) {
void (*p)();
(void)argc; (void)argv;
p=(void(*)())(dsyrk);
return !p;
}
<==
[1/2] Compiling [32mbuild/.conf_check_622e2f66a719dac8f1969ea77b904f05/test.c[0m

['/usr/bin/gcc', '-I../../../include', '-DPYTHONDIR="/home/weinin/Documents/Research/Will_solve_b/Cobaya_new_packages/packages/code/planck/code/plc_3.0/plc-3.1/lib/python3.8/site-packages"', '-DPYTHONARCHDIR="/home/weinin/Documents/Research/Will_solve_b/Cobaya_new_packages/packages/code/planck/code/plc_3.0/plc-3.1/lib/python3.8/site-packages"', '-DHAVE_PYEMBED=1', '-DHAVE_PYTHON_H=1', '-DHAS_LAPACK', '-DLAPACK_CLIK', '../test.c', '-c', '-o/home/weinin/Documents/Research/Will_solve_b/Cobaya_new_packages/packages/code/planck/code/plc_3.0/plc-3.1/build/.conf_check_622e2f66a719dac8f1969ea77b904f05/testbuild/test.c.1.o']
[2/2] Linking [33mbuild/.conf_check_622e2f66a719dac8f1969ea77b904f05/testbuild/testprog[0m

['/usr/bin/gcc', '-m64', 'test.c.1.o', '-o/home/weinin/Documents/Research/Will_solve_b/Cobaya_new_packages/packages/code/planck/code/plc_3.0/plc-3.1/build/.conf_check_622e2f66a719dac8f1969ea77b904f05/testbuild/testprog', '-Wl,-rpath,/home/weinin/Documents/Research/Will_solve_b/Cobaya_new_packages/packages/code/planck/code/plc_3.0/plc-3.1/lib', '-Wl,-Bstatic', '-Wl,-Bdynamic', '-llapack', '-lblas']
yes
--------------------------------------------------------------------------
checking for function 'dsyr2k'
==>
#include <lapack_clik.h>

int main(int argc, char **argv) {
void (*p)();
(void)argc; (void)argv;
p=(void(*)())(dsyr2k);
return !p;
}
<==
[1/2] Compiling [32mbuild/.conf_check_0fe0c798d1cb21bc37a8cfeff6e30bcb/test.c[0m

['/usr/bin/gcc', '-I../../../include', '-DPYTHONDIR="/home/weinin/Documents/Research/Will_solve_b/Cobaya_new_packages/packages/code/planck/code/plc_3.0/plc-3.1/lib/python3.8/site-packages"', '-DPYTHONARCHDIR="/home/weinin/Documents/Research/Will_solve_b/Cobaya_new_packages/packages/code/planck/code/plc_3.0/plc-3.1/lib/python3.8/site-packages"', '-DHAVE_PYEMBED=1', '-DHAVE_PYTHON_H=1', '-DHAS_LAPACK', '-DLAPACK_CLIK', '../test.c', '-c', '-o/home/weinin/Documents/Research/Will_solve_b/Cobaya_new_packages/packages/code/planck/code/plc_3.0/plc-3.1/build/.conf_check_0fe0c798d1cb21bc37a8cfeff6e30bcb/testbuild/test.c.1.o']
[2/2] Linking [33mbuild/.conf_check_0fe0c798d1cb21bc37a8cfeff6e30bcb/testbuild/testprog[0m

['/usr/bin/gcc', '-m64', 'test.c.1.o', '-o/home/weinin/Documents/Research/Will_solve_b/Cobaya_new_packages/packages/code/planck/code/plc_3.0/plc-3.1/build/.conf_check_0fe0c798d1cb21bc37a8cfeff6e30bcb/testbuild/testprog', '-Wl,-rpath,/home/weinin/Documents/Research/Will_solve_b/Cobaya_new_packages/packages/code/planck/code/plc_3.0/plc-3.1/lib', '-Wl,-Bstatic', '-Wl,-Bdynamic', '-llapack', '-lblas']
yes
--------------------------------------------------------------------------
checking for function 'daxpy'
==>
#include <lapack_clik.h>

int main(int argc, char **argv) {
void (*p)();
(void)argc; (void)argv;
p=(void(*)())(daxpy);
return !p;
}
<==
[1/2] Compiling [32mbuild/.conf_check_c3d6aa101998c583a46e2722182bdf1f/test.c[0m

['/usr/bin/gcc', '-I../../../include', '-DPYTHONDIR="/home/weinin/Documents/Research/Will_solve_b/Cobaya_new_packages/packages/code/planck/code/plc_3.0/plc-3.1/lib/python3.8/site-packages"', '-DPYTHONARCHDIR="/home/weinin/Documents/Research/Will_solve_b/Cobaya_new_packages/packages/code/planck/code/plc_3.0/plc-3.1/lib/python3.8/site-packages"', '-DHAVE_PYEMBED=1', '-DHAVE_PYTHON_H=1', '-DHAS_LAPACK', '-DLAPACK_CLIK', '../test.c', '-c', '-o/home/weinin/Documents/Research/Will_solve_b/Cobaya_new_packages/packages/code/planck/code/plc_3.0/plc-3.1/build/.conf_check_c3d6aa101998c583a46e2722182bdf1f/testbuild/test.c.1.o']
[2/2] Linking [33mbuild/.conf_check_c3d6aa101998c583a46e2722182bdf1f/testbuild/testprog[0m

['/usr/bin/gcc', '-m64', 'test.c.1.o', '-o/home/weinin/Documents/Research/Will_solve_b/Cobaya_new_packages/packages/code/planck/code/plc_3.0/plc-3.1/build/.conf_check_c3d6aa101998c583a46e2722182bdf1f/testbuild/testprog', '-Wl,-rpath,/home/weinin/Documents/Research/Will_solve_b/Cobaya_new_packages/packages/code/planck/code/plc_3.0/plc-3.1/lib', '-Wl,-Bstatic', '-Wl,-Bdynamic', '-llapack', '-lblas']
yes
--------------------------------------------------------------------------
checking for function 'dtrsm'
==>
#include <lapack_clik.h>

int main(int argc, char **argv) {
void (*p)();
(void)argc; (void)argv;
p=(void(*)())(dtrsm);
return !p;
}
<==
[1/2] Compiling [32mbuild/.conf_check_b10df4e51933a197738aba16eaaf72c1/test.c[0m

['/usr/bin/gcc', '-I../../../include', '-DPYTHONDIR="/home/weinin/Documents/Research/Will_solve_b/Cobaya_new_packages/packages/code/planck/code/plc_3.0/plc-3.1/lib/python3.8/site-packages"', '-DPYTHONARCHDIR="/home/weinin/Documents/Research/Will_solve_b/Cobaya_new_packages/packages/code/planck/code/plc_3.0/plc-3.1/lib/python3.8/site-packages"', '-DHAVE_PYEMBED=1', '-DHAVE_PYTHON_H=1', '-DHAS_LAPACK', '-DLAPACK_CLIK', '../test.c', '-c', '-o/home/weinin/Documents/Research/Will_solve_b/Cobaya_new_packages/packages/code/planck/code/plc_3.0/plc-3.1/build/.conf_check_b10df4e51933a197738aba16eaaf72c1/testbuild/test.c.1.o']
[2/2] Linking [33mbuild/.conf_check_b10df4e51933a197738aba16eaaf72c1/testbuild/testprog[0m

['/usr/bin/gcc', '-m64', 'test.c.1.o', '-o/home/weinin/Documents/Research/Will_solve_b/Cobaya_new_packages/packages/code/planck/code/plc_3.0/plc-3.1/build/.conf_check_b10df4e51933a197738aba16eaaf72c1/testbuild/testprog', '-Wl,-rpath,/home/weinin/Documents/Research/Will_solve_b/Cobaya_new_packages/packages/code/planck/code/plc_3.0/plc-3.1/lib', '-Wl,-Bstatic', '-Wl,-Bdynamic', '-llapack', '-lblas']
yes
--------------------------------------------------------------------------
checking for function 'dsymm'
==>
#include <lapack_clik.h>

int main(int argc, char **argv) {
void (*p)();
(void)argc; (void)argv;
p=(void(*)())(dsymm);
return !p;
}
<==
[1/2] Compiling [32mbuild/.conf_check_f6213b2774d280736a164bfa75f6578b/test.c[0m

['/usr/bin/gcc', '-I../../../include', '-DPYTHONDIR="/home/weinin/Documents/Research/Will_solve_b/Cobaya_new_packages/packages/code/planck/code/plc_3.0/plc-3.1/lib/python3.8/site-packages"', '-DPYTHONARCHDIR="/home/weinin/Documents/Research/Will_solve_b/Cobaya_new_packages/packages/code/planck/code/plc_3.0/plc-3.1/lib/python3.8/site-packages"', '-DHAVE_PYEMBED=1', '-DHAVE_PYTHON_H=1', '-DHAS_LAPACK', '-DLAPACK_CLIK', '../test.c', '-c', '-o/home/weinin/Documents/Research/Will_solve_b/Cobaya_new_packages/packages/code/planck/code/plc_3.0/plc-3.1/build/.conf_check_f6213b2774d280736a164bfa75f6578b/testbuild/test.c.1.o']
[2/2] Linking [33mbuild/.conf_check_f6213b2774d280736a164bfa75f6578b/testbuild/testprog[0m

['/usr/bin/gcc', '-m64', 'test.c.1.o', '-o/home/weinin/Documents/Research/Will_solve_b/Cobaya_new_packages/packages/code/planck/code/plc_3.0/plc-3.1/build/.conf_check_f6213b2774d280736a164bfa75f6578b/testbuild/testprog', '-Wl,-rpath,/home/weinin/Documents/Research/Will_solve_b/Cobaya_new_packages/packages/code/planck/code/plc_3.0/plc-3.1/lib', '-Wl,-Bstatic', '-Wl,-Bdynamic', '-llapack', '-lblas']
yes
--------------------------------------------------------------------------
checking for function 'dsyr'
==>
#include <lapack_clik.h>

int main(int argc, char **argv) {
void (*p)();
(void)argc; (void)argv;
p=(void(*)())(dsyr);
return !p;
}
<==
[1/2] Compiling [32mbuild/.conf_check_cc0d2afc8785fd82049a8ce846039704/test.c[0m

['/usr/bin/gcc', '-I../../../include', '-DPYTHONDIR="/home/weinin/Documents/Research/Will_solve_b/Cobaya_new_packages/packages/code/planck/code/plc_3.0/plc-3.1/lib/python3.8/site-packages"', '-DPYTHONARCHDIR="/home/weinin/Documents/Research/Will_solve_b/Cobaya_new_packages/packages/code/planck/code/plc_3.0/plc-3.1/lib/python3.8/site-packages"', '-DHAVE_PYEMBED=1', '-DHAVE_PYTHON_H=1', '-DHAS_LAPACK', '-DLAPACK_CLIK', '../test.c', '-c', '-o/home/weinin/Documents/Research/Will_solve_b/Cobaya_new_packages/packages/code/planck/code/plc_3.0/plc-3.1/build/.conf_check_cc0d2afc8785fd82049a8ce846039704/testbuild/test.c.1.o']
[2/2] Linking [33mbuild/.conf_check_cc0d2afc8785fd82049a8ce846039704/testbuild/testprog[0m

['/usr/bin/gcc', '-m64', 'test.c.1.o', '-o/home/weinin/Documents/Research/Will_solve_b/Cobaya_new_packages/packages/code/planck/code/plc_3.0/plc-3.1/build/.conf_check_cc0d2afc8785fd82049a8ce846039704/testbuild/testprog', '-Wl,-rpath,/home/weinin/Documents/Research/Will_solve_b/Cobaya_new_packages/packages/code/planck/code/plc_3.0/plc-3.1/lib', '-Wl,-Bstatic', '-Wl,-Bdynamic', '-llapack', '-lblas']
yes
--------------------------------------------------------------------------
checking for function 'ddot'
==>
#include <lapack_clik.h>

int main(int argc, char **argv) {
void (*p)();
(void)argc; (void)argv;
p=(void(*)())(ddot);
return !p;
}
<==
[1/2] Compiling [32mbuild/.conf_check_733380463051fcd62fdd60fbbd790ec2/test.c[0m

['/usr/bin/gcc', '-I../../../include', '-DPYTHONDIR="/home/weinin/Documents/Research/Will_solve_b/Cobaya_new_packages/packages/code/planck/code/plc_3.0/plc-3.1/lib/python3.8/site-packages"', '-DPYTHONARCHDIR="/home/weinin/Documents/Research/Will_solve_b/Cobaya_new_packages/packages/code/planck/code/plc_3.0/plc-3.1/lib/python3.8/site-packages"', '-DHAVE_PYEMBED=1', '-DHAVE_PYTHON_H=1', '-DHAS_LAPACK', '-DLAPACK_CLIK', '../test.c', '-c', '-o/home/weinin/Documents/Research/Will_solve_b/Cobaya_new_packages/packages/code/planck/code/plc_3.0/plc-3.1/build/.conf_check_733380463051fcd62fdd60fbbd790ec2/testbuild/test.c.1.o']
[2/2] Linking [33mbuild/.conf_check_733380463051fcd62fdd60fbbd790ec2/testbuild/testprog[0m

['/usr/bin/gcc', '-m64', 'test.c.1.o', '-o/home/weinin/Documents/Research/Will_solve_b/Cobaya_new_packages/packages/code/planck/code/plc_3.0/plc-3.1/build/.conf_check_733380463051fcd62fdd60fbbd790ec2/testbuild/testprog', '-Wl,-rpath,/home/weinin/Documents/Research/Will_solve_b/Cobaya_new_packages/packages/code/planck/code/plc_3.0/plc-3.1/lib', '-Wl,-Bstatic', '-Wl,-Bdynamic', '-llapack', '-lblas']
yes
--------------------------------------------------------------------------
checking for function 'dsyevd'
==>
#include <lapack_clik.h>

int main(int argc, char **argv) {
void (*p)();
(void)argc; (void)argv;
p=(void(*)())(dsyevd);
return !p;
}
<==
[1/2] Compiling [32mbuild/.conf_check_6737b7bdb85cb154e2d07c6065792e3b/test.c[0m

['/usr/bin/gcc', '-I../../../include', '-DPYTHONDIR="/home/weinin/Documents/Research/Will_solve_b/Cobaya_new_packages/packages/code/planck/code/plc_3.0/plc-3.1/lib/python3.8/site-packages"', '-DPYTHONARCHDIR="/home/weinin/Documents/Research/Will_solve_b/Cobaya_new_packages/packages/code/planck/code/plc_3.0/plc-3.1/lib/python3.8/site-packages"', '-DHAVE_PYEMBED=1', '-DHAVE_PYTHON_H=1', '-DHAS_LAPACK', '-DLAPACK_CLIK', '../test.c', '-c', '-o/home/weinin/Documents/Research/Will_solve_b/Cobaya_new_packages/packages/code/planck/code/plc_3.0/plc-3.1/build/.conf_check_6737b7bdb85cb154e2d07c6065792e3b/testbuild/test.c.1.o']
[2/2] Linking [33mbuild/.conf_check_6737b7bdb85cb154e2d07c6065792e3b/testbuild/testprog[0m

['/usr/bin/gcc', '-m64', 'test.c.1.o', '-o/home/weinin/Documents/Research/Will_solve_b/Cobaya_new_packages/packages/code/planck/code/plc_3.0/plc-3.1/build/.conf_check_6737b7bdb85cb154e2d07c6065792e3b/testbuild/testprog', '-Wl,-rpath,/home/weinin/Documents/Research/Will_solve_b/Cobaya_new_packages/packages/code/planck/code/plc_3.0/plc-3.1/lib', '-Wl,-Bstatic', '-Wl,-Bdynamic', '-llapack', '-lblas']
yes
--------------------------------------------------------------------------
checking for function 'dlamch'
==>
#include <lapack_clik.h>

int main(int argc, char **argv) {
void (*p)();
(void)argc; (void)argv;
p=(void(*)())(dlamch);
return !p;
}
<==
[1/2] Compiling [32mbuild/.conf_check_1981da4bedf59054a754521ac6112ba9/test.c[0m

['/usr/bin/gcc', '-I../../../include', '-DPYTHONDIR="/home/weinin/Documents/Research/Will_solve_b/Cobaya_new_packages/packages/code/planck/code/plc_3.0/plc-3.1/lib/python3.8/site-packages"', '-DPYTHONARCHDIR="/home/weinin/Documents/Research/Will_solve_b/Cobaya_new_packages/packages/code/planck/code/plc_3.0/plc-3.1/lib/python3.8/site-packages"', '-DHAVE_PYEMBED=1', '-DHAVE_PYTHON_H=1', '-DHAS_LAPACK', '-DLAPACK_CLIK', '../test.c', '-c', '-o/home/weinin/Documents/Research/Will_solve_b/Cobaya_new_packages/packages/code/planck/code/plc_3.0/plc-3.1/build/.conf_check_1981da4bedf59054a754521ac6112ba9/testbuild/test.c.1.o']
[2/2] Linking [33mbuild/.conf_check_1981da4bedf59054a754521ac6112ba9/testbuild/testprog[0m

['/usr/bin/gcc', '-m64', 'test.c.1.o', '-o/home/weinin/Documents/Research/Will_solve_b/Cobaya_new_packages/packages/code/planck/code/plc_3.0/plc-3.1/build/.conf_check_1981da4bedf59054a754521ac6112ba9/testbuild/testprog', '-Wl,-rpath,/home/weinin/Documents/Research/Will_solve_b/Cobaya_new_packages/packages/code/planck/code/plc_3.0/plc-3.1/lib', '-Wl,-Bstatic', '-Wl,-Bdynamic', '-llapack', '-lblas']
yes
--------------------------------------------------------------------------
checking for function 'dsyevr'
==>
#include <lapack_clik.h>

int main(int argc, char **argv) {
void (*p)();
(void)argc; (void)argv;
p=(void(*)())(dsyevr);
return !p;
}
<==
[1/2] Compiling [32mbuild/.conf_check_88e293f3b45e109b18919563c46d3ab5/test.c[0m

['/usr/bin/gcc', '-I../../../include', '-DPYTHONDIR="/home/weinin/Documents/Research/Will_solve_b/Cobaya_new_packages/packages/code/planck/code/plc_3.0/plc-3.1/lib/python3.8/site-packages"', '-DPYTHONARCHDIR="/home/weinin/Documents/Research/Will_solve_b/Cobaya_new_packages/packages/code/planck/code/plc_3.0/plc-3.1/lib/python3.8/site-packages"', '-DHAVE_PYEMBED=1', '-DHAVE_PYTHON_H=1', '-DHAS_LAPACK', '-DLAPACK_CLIK', '../test.c', '-c', '-o/home/weinin/Documents/Research/Will_solve_b/Cobaya_new_packages/packages/code/planck/code/plc_3.0/plc-3.1/build/.conf_check_88e293f3b45e109b18919563c46d3ab5/testbuild/test.c.1.o']
[2/2] Linking [33mbuild/.conf_check_88e293f3b45e109b18919563c46d3ab5/testbuild/testprog[0m

['/usr/bin/gcc', '-m64', 'test.c.1.o', '-o/home/weinin/Documents/Research/Will_solve_b/Cobaya_new_packages/packages/code/planck/code/plc_3.0/plc-3.1/build/.conf_check_88e293f3b45e109b18919563c46d3ab5/testbuild/testprog', '-Wl,-rpath,/home/weinin/Documents/Research/Will_solve_b/Cobaya_new_packages/packages/code/planck/code/plc_3.0/plc-3.1/lib', '-Wl,-Bstatic', '-Wl,-Bdynamic', '-llapack', '-lblas']
yes
--------------------------------------------------------------------------
Checking for library ['cfitsio']
==>

int main(int argc, char **argv) {
	(void)argc; (void)argv;
	return 0;
}

<==
[1/2] Compiling [32mbuild/.conf_check_087ccfb4a53812c247d221ca4f82ab28/test.c[0m

['/usr/bin/gcc', '-fPIC', '-shared', '-I../../../include', '-DPYTHONDIR="/home/weinin/Documents/Research/Will_solve_b/Cobaya_new_packages/packages/code/planck/code/plc_3.0/plc-3.1/lib/python3.8/site-packages"', '-DPYTHONARCHDIR="/home/weinin/Documents/Research/Will_solve_b/Cobaya_new_packages/packages/code/planck/code/plc_3.0/plc-3.1/lib/python3.8/site-packages"', '-DHAVE_PYEMBED=1', '-DHAVE_PYTHON_H=1', '-DHAVE_LAPACK_CLIK_H=1', '../test.c', '-c', '-o/home/weinin/Documents/Research/Will_solve_b/Cobaya_new_packages/packages/code/planck/code/plc_3.0/plc-3.1/build/.conf_check_087ccfb4a53812c247d221ca4f82ab28/testbuild/test.c.1.o']
[2/2] Linking [33mbuild/.conf_check_087ccfb4a53812c247d221ca4f82ab28/testbuild/testprog[0m

['/usr/bin/gcc', '-m64', '-shared', 'test.c.1.o', '-o/home/weinin/Documents/Research/Will_solve_b/Cobaya_new_packages/packages/code/planck/code/plc_3.0/plc-3.1/build/.conf_check_087ccfb4a53812c247d221ca4f82ab28/testbuild/testprog', '-Wl,-rpath,/home/weinin/Documents/Research/Will_solve_b/Cobaya_new_packages/packages/code/planck/code/plc_3.0/plc-3.1/lib', '-Wl,-rpath,/home/weinin/Documents/Research/Will_solve_b/Cobaya_new_packages/packages/code/planck/code/plc_3.0/plc-3.1/lib', '-Wl,-Bstatic', '-Wl,-Bdynamic', '-L/home/weinin/Documents/Research/Will_solve_b/Cobaya_new_packages/packages/code/planck/code/plc_3.0/plc-3.1/lib', '-lcfitsio']
yes
--------------------------------------------------------------------------
checking for function 'fits_init_cfitsio'
==>
#include <fitsio.h>

int main(int argc, char **argv) {
void (*p)();
(void)argc; (void)argv;
p=(void(*)())(fits_init_cfitsio);
return !p;
}
<==
[1/2] Compiling [32mbuild/.conf_check_c42cff0249659828bfef81b1281d7e65/test.c[0m

['/usr/bin/gcc', '-fPIC', '-shared', '-I../../../include', '-DPYTHONDIR="/home/weinin/Documents/Research/Will_solve_b/Cobaya_new_packages/packages/code/planck/code/plc_3.0/plc-3.1/lib/python3.8/site-packages"', '-DPYTHONARCHDIR="/home/weinin/Documents/Research/Will_solve_b/Cobaya_new_packages/packages/code/planck/code/plc_3.0/plc-3.1/lib/python3.8/site-packages"', '-DHAVE_PYEMBED=1', '-DHAVE_PYTHON_H=1', '-DHAVE_LAPACK_CLIK_H=1', '../test.c', '-c', '-o/home/weinin/Documents/Research/Will_solve_b/Cobaya_new_packages/packages/code/planck/code/plc_3.0/plc-3.1/build/.conf_check_c42cff0249659828bfef81b1281d7e65/testbuild/test.c.1.o']
[2/2] Linking [33mbuild/.conf_check_c42cff0249659828bfef81b1281d7e65/testbuild/testprog[0m

['/usr/bin/gcc', '-m64', '-shared', 'test.c.1.o', '-o/home/weinin/Documents/Research/Will_solve_b/Cobaya_new_packages/packages/code/planck/code/plc_3.0/plc-3.1/build/.conf_check_c42cff0249659828bfef81b1281d7e65/testbuild/testprog', '-Wl,-rpath,/home/weinin/Documents/Research/Will_solve_b/Cobaya_new_packages/packages/code/planck/code/plc_3.0/plc-3.1/lib', '-Wl,-rpath,/home/weinin/Documents/Research/Will_solve_b/Cobaya_new_packages/packages/code/planck/code/plc_3.0/plc-3.1/lib', '-Wl,-Bstatic', '-Wl,-Bdynamic', '-L/home/weinin/Documents/Research/Will_solve_b/Cobaya_new_packages/packages/code/planck/code/plc_3.0/plc-3.1/lib', '-lcfitsio']
yes
--------------------------------------------------------------------------
Python version allows for automatic install
yes (3.8.5)
--------------------------------------------------------------------------
Checking for program 'python'
/home/weinin/miniconda3/bin/python
find program=['python'] paths=['/home/weinin/Documents/Research/Will_solve_b/Cobaya_new_packages/packages/code/planck/code/plc_3.0/plc-3.1/bin', '/home/weinin/miniconda3/bin', '/home/weinin/miniconda3/condabin', '/home/weinin/miniconda3/lib/python3.8/site-packages', '/home/weinin/.local/bin', '/home/weinin/bin', '/usr/local/sbin', '/usr/local/bin', '/usr/sbin', '/usr/bin', '/sbin', '/bin', '/usr/games', '/usr/local/games', '/snap/bin'] var='PYTHON' -> ['/home/weinin/miniconda3/bin/python']
['/home/weinin/miniconda3/bin/python', '-c', 'import sys\ntry:\n print(sys.implementation.cache_tag)\nexcept AttributeError:\n import imp\n print(imp.get_tag())\n']
out: cpython-38

--------------------------------------------------------------------------
Checking python module 'numpy'
ok
--------------------------------------------------------------------------
Checking python module 'astropy'
ok
--------------------------------------------------------------------------
Checking for program 'python'
/home/weinin/miniconda3/bin/python
find program=['python'] paths=['/home/weinin/Documents/Research/Will_solve_b/Cobaya_new_packages/packages/code/planck/code/plc_3.0/plc-3.1/bin', '/home/weinin/miniconda3/bin', '/home/weinin/miniconda3/condabin', '/home/weinin/miniconda3/lib/python3.8/site-packages', '/home/weinin/.local/bin', '/home/weinin/bin', '/usr/local/sbin', '/usr/local/bin', '/usr/sbin', '/usr/bin', '/sbin', '/bin', '/usr/games', '/usr/local/games', '/snap/bin'] var='PYTHON' -> ['/home/weinin/miniconda3/bin/python']
['/home/weinin/miniconda3/bin/python', '-c', 'import sys\ntry:\n print(sys.implementation.cache_tag)\nexcept AttributeError:\n import imp\n print(imp.get_tag())\n']
out: cpython-38

--------------------------------------------------------------------------
Checking python module 'cython'
ok
--------------------------------------------------------------------------
Checking python module 'cython'
ok
--------------------------------------------------------------------------
Checking cython version (>0.28)
0.29.33
--------------------------------------------------------------------------
Checking for program 'cython'
/home/weinin/miniconda3/bin/cython
find program=['cython'] paths=['/home/weinin/Documents/Research/Will_solve_b/Cobaya_new_packages/packages/code/planck/code/plc_3.0/plc-3.1/bin', '/home/weinin/miniconda3/bin', '/home/weinin/miniconda3/condabin', '/home/weinin/miniconda3/lib/python3.8/site-packages', '/home/weinin/.local/bin', '/home/weinin/bin', '/usr/local/sbin', '/usr/local/bin', '/usr/sbin', '/usr/bin', '/sbin', '/bin', '/usr/games', '/usr/local/games', '/snap/bin'] var='CYTHON' -> ['/home/weinin/miniconda3/bin/cython']
--------------------------------------------------------------------------
Add plugin : 'rel2015'
ok
